12:08:15.339 [main                     ] DEBUG Logger               - Configured Logger
12:08:15.364 [main                     ] DEBUG GameApplication      - Logging settings
Title: Racing game
Version: 0.0
Width: 1920
Height: 1024
Fullscreen: false
Intro: false
Profiling: false
Single step:false
App Mode: DEVELOPER
Menu Key: ESCAPE
Stage Style: DECORATED
Scene Factory: class com.almasb.fxgl.app.scene.SceneFactory

12:08:15.665 [JavaFX Application Thread] DEBUG FXGLApplication      - Initializing FXGL
12:08:15.669 [JavaFX Application Thread] INFO  Engine               - FXGL-17.1 (24.03.2022 17.34) on WINDOWS (J:17.0.4.1 FX:17.0.2-ea)
12:08:15.669 [JavaFX Application Thread] DEBUG Engine               - JRE Vendor Name: Amazon.com Inc.
12:08:15.669 [JavaFX Application Thread] DEBUG Engine               - Running on OS: Windows 10 version 10.0
12:08:15.670 [JavaFX Application Thread] DEBUG Engine               - Architecture: amd64
12:08:15.670 [JavaFX Application Thread] INFO  Engine               - Source code and latest versions at: https://github.com/AlmasB/FXGL
12:08:15.670 [JavaFX Application Thread] INFO  Engine               -       Ask questions and discuss at: https://github.com/AlmasB/FXGL/discussions
12:08:15.670 [JavaFX Application Thread] INFO  Engine               -              Join the FXGL chat at: https://gitter.im/AlmasB/FXGL
12:08:15.731 [JavaFX Application Thread] DEBUG PrimaryStageWindow   - Creating a JavaFX scene
12:08:15.760 [JavaFX Application Thread] DEBUG PrimaryStageWindow   - Target settings size: 1920.0 x 1024.0
12:08:15.761 [JavaFX Application Thread] DEBUG PrimaryStageWindow   - Scaled scene size:    1920.0 x 1024.0
12:08:15.761 [JavaFX Application Thread] DEBUG PrimaryStageWindow   - Scaled ratio: (1.0, 1.0)
12:08:15.762 [JavaFX Application Thread] DEBUG PrimaryStageWindow   - Set initial scene to FXGLStartupScene
12:08:15.766 [JavaFX Application Thread] DEBUG PrimaryStageWindow   - Opening main window
12:08:15.821 [JavaFX Application Thread] DEBUG PrimaryStageWindow   - Window border size: (16.0, 39.0)
12:08:15.821 [JavaFX Application Thread] DEBUG PrimaryStageWindow   - Scaled size: 1920.0 x 1024.0
12:08:15.821 [JavaFX Application Thread] DEBUG PrimaryStageWindow   - Scaled ratio: (1.0, 1.0)
12:08:15.822 [JavaFX Application Thread] DEBUG PrimaryStageWindow   - Scene size: 1920.0 x 1024.0
12:08:15.822 [JavaFX Application Thread] DEBUG PrimaryStageWindow   - Stage size: 1936.0 x 1063.0
12:08:15.830 [FXGL Background Thread 1 ] DEBUG Engine               - Initializing environment variables
12:08:15.854 [FXGL Background Thread 1 ] DEBUG FXGLAssetLoaderServi - User app class for loading assets: class leo.skvorc.racinggame.RacingApp
12:08:15.855 [FXGL Background Thread 1 ] DEBUG GameApplicationServi - Applying CSS: fxgl_dark.css
12:08:15.855 [FXGL Background Thread 1 ] DEBUG FXGLAssetLoaderServi - Loading from file system: jar:file:///C:/Users/lskvo/.m2/repository/com/github/almasb/fxgl/17.1/fxgl-17.1.jar!/fxglassets/ui/css/fxgl_dark.css
12:08:15.886 [FXGL Background Thread 1 ] DEBUG GameApplicationServi - Initializing application scenes
12:08:15.922 [FXGL Background Thread 1 ] DEBUG GameWorld            - Game world initialized
12:08:15.963 [FXGL Background Thread 1 ] DEBUG PhysicsWorld         - Physics world initialized: appHeight=1024, physics.ppm=50.0
12:08:15.963 [FXGL Background Thread 1 ] DEBUG PhysicsWorld         - Using strategy: BRUTE_FORCE
12:08:15.967 [FXGL Background Thread 1 ] DEBUG GameScene            - Game scene initialized: 1920x1024
12:08:15.977 [FXGL Background Thread 1 ] DEBUG FXGL.DefaultMenu     - createMenuBodyGameMenu()
12:08:15.987 [FXGL Background Thread 1 ] DEBUG FXGL.DefaultMenu     - createOptionsMenu()
12:08:15.996 [FXGL Background Thread 1 ] DEBUG FXGLAssetLoaderServi - Loading from file system: jar:file:///C:/Users/lskvo/.m2/repository/com/github/almasb/fxgl/17.1/fxgl-17.1.jar!/fxglassets/textures/particles/smoke.png
12:08:16.066 [FXGL Background Thread 1 ] DEBUG FXGLAssetLoaderServi - Loading from file system: jar:file:///C:/Users/lskvo/.m2/repository/com/github/almasb/fxgl/17.1/fxgl-17.1.jar!/fxglassets/textures/particles/trace_horizontal.png
12:08:16.092 [FXGL Background Thread 1 ] DEBUG GameApplicationServi - Application scenes initialized
12:08:16.101 [FXGL Background Thread 1 ] DEBUG SystemBundleService  - Loading FXGL system data
12:08:16.105 [FXGL Background Thread 1 ] DEBUG FileSystemAccess     - Reading from: C:\Users\lskvo\Documents\Algebra\5 Semestar\Programiranje u Javi 2\Projekt\Racing Game\system\fxgl.bundle
12:08:16.111 [FXGL Background Thread 1 ] DEBUG SystemBundleService  - Bundle FXGL: {}
12:08:16.111 [FXGL Background Thread 1 ] DEBUG UpdaterService       - Checking for updates
12:08:16.114 [FXGL Background Thread 4 ] DEBUG FXGLApplication      - Loading fonts
12:08:16.114 [FXGL Background Thread 4 ] DEBUG FXGLAssetLoaderServi - Loading from file system: jar:file:///C:/Users/lskvo/.m2/repository/com/github/almasb/fxgl/17.1/fxgl-17.1.jar!/fxglassets/ui/fonts/VarelaRound-Regular.ttf
12:08:16.114 [FXGL Background Thread 1 ] DEBUG FXGLApplication      - Loading default localization
12:08:16.115 [FXGL Background Thread 1 ] DEBUG FXGLAssetLoaderServi - Loading from file system: jar:file:///C:/Users/lskvo/.m2/repository/com/github/almasb/fxgl/17.1/fxgl-17.1.jar!/fxglassets/languages/english.lang
12:08:16.128 [FXGL Background Thread 1 ] INFO  FXGLApplication      - FXGL initialization took: 0.298 sec
12:08:16.137 [JavaFX Application Thread] DEBUG Input                - Registered new binding: action0 - W
12:08:16.138 [JavaFX Application Thread] DEBUG Input                - Registered new binding: action1 - S
12:08:16.139 [JavaFX Application Thread] DEBUG Input                - Registered new binding: action2 - A
12:08:16.139 [JavaFX Application Thread] DEBUG Input                - Registered new binding: action3 - D
12:08:16.139 [JavaFX Application Thread] DEBUG Input                - Registered new binding: action4 - Up
12:08:16.140 [JavaFX Application Thread] DEBUG Input                - Registered new binding: action5 - Down
12:08:16.140 [JavaFX Application Thread] DEBUG Input                - Registered new binding: action6 - Left
12:08:16.141 [JavaFX Application Thread] DEBUG Input                - Registered new binding: action7 - Right
12:08:16.142 [JavaFX Application Thread] DEBUG FXGLAssetLoaderServi - Loading from file system: jar:file:///C:/Users/lskvo/.m2/repository/com/github/almasb/fxgl/17.1/fxgl-17.1.jar!/fxglassets/textures/fxgl_icon.png
12:08:16.169 [JavaFX Application Thread] DEBUG FXGLAssetLoaderServi - Loading from file system: jar:file:///C:/Users/lskvo/.m2/repository/com/github/almasb/fxgl/17.1/fxgl-17.1.jar!/fxglassets/textures/fxgl_default_cursor.png
12:08:16.171 [JavaFX Application Thread] DEBUG Input                - Registered new binding: Screenshot - CTRL+8
12:08:16.172 [JavaFX Application Thread] DEBUG Input                - Registered new binding: System info dump - CTRL+9
12:08:16.172 [JavaFX Application Thread] DEBUG Input                - Registered new binding: Restart - CTRL+R
12:08:16.172 [JavaFX Application Thread] DEBUG Input                - Registered new binding: Toggle Debug Camera - CTRL+7
12:08:16.175 [JavaFX Application Thread] DEBUG LoopRunner           - Starting loop
12:08:16.175 [JavaFX Application Thread] DEBUG LoopRunner           - Initializing JavaFX AnimationTimerLoop
12:08:16.177 [JavaFX Application Thread] DEBUG GameApplicationServi - Starting new game
12:08:16.177 [JavaFX Application Thread] DEBUG Input                - Clearing active input actions
12:08:16.191 [JavaFX Application Thread] DEBUG GameApplicationServi - Removing overlay from FXGLStartupScene and adding to FXGLLoadingScene
12:08:16.191 [JavaFX Application Thread] DEBUG PrimaryStageWindow   - FXGLStartupScene -> FXGLLoadingScene
12:08:16.191 [JavaFX Application Thread] DEBUG GameApplicationServi - Clearing previous game
12:08:16.191 [JavaFX Application Thread] DEBUG GameScene            - Clearing game scene
12:08:16.191 [JavaFX Application Thread] DEBUG GameWorld            - Clearing game world
12:08:16.191 [JavaFX Application Thread] DEBUG PhysicsWorld         - Clearing physics world
12:08:16.192 [FXGL Background Thread 4 ] DEBUG FXGLAssetLoaderServi - Loading from file system: jar:file:///C:/Users/lskvo/.m2/repository/com/github/almasb/fxgl/17.1/fxgl-17.1.jar!/fxglassets/ui/fonts/Abel-Regular.ttf
12:08:16.194 [FXGL Background Thread 1 ] DEBUG FXGLApplication      - Initializing game
12:08:16.199 [FXGL Background Thread 4 ] DEBUG FXGLAssetLoaderServi - Loading from file system: jar:file:///C:/Users/lskvo/.m2/repository/com/github/almasb/fxgl/17.1/fxgl-17.1.jar!/fxglassets/ui/fonts/TerminalLandMono-Regular.otf
12:08:16.206 [FXGL Background Thread 4 ] DEBUG FXGLAssetLoaderServi - Loading from file system: jar:file:///C:/Users/lskvo/.m2/repository/com/github/almasb/fxgl/17.1/fxgl-17.1.jar!/fxglassets/ui/fonts/Courier-Prime.ttf
12:08:16.245 [JavaFX Application Thread] DEBUG LoopRunner           - Stopping loop
12:08:16.247 [JavaFX Application Thread] FATAL FXGLApplication      - Uncaught Exception:
java.lang.RuntimeException: Initialization failed
	at com.almasb.fxgl.all@17.1/com.almasb.fxgl.app.FXGLApplication$InitAppTask.failed(FXGLApplication.kt:343)
	at javafx.graphics/javafx.concurrent.Task.setState(Task.java:710)
	at javafx.graphics/javafx.concurrent.Task$TaskCallable.lambda$call$2(Task.java:1456)
	at javafx.graphics/com.sun.javafx.application.PlatformImpl.lambda$runLater$10(PlatformImpl.java:457)
	at java.base/java.security.AccessController.doPrivileged(AccessController.java:399)
	at javafx.graphics/com.sun.javafx.application.PlatformImpl.lambda$runLater$11(PlatformImpl.java:456)
	at javafx.graphics/com.sun.glass.ui.InvokeLaterDispatcher$Future.run(InvokeLaterDispatcher.java:96)
	at javafx.graphics/com.sun.glass.ui.win.WinApplication._runLoop(Native Method)
	at javafx.graphics/com.sun.glass.ui.win.WinApplication.lambda$runLoop$3(WinApplication.java:184)
	at java.base/java.lang.Thread.run(Thread.java:833)
Caused by: java.lang.NullPointerException: Cannot invoke "leo.skvorc.racinggame.Config.getTrack()" because "this.config" is null
	at racinggame.main/leo.skvorc.racinggame.RacingApp.initGame(RacingApp.java:59)
	at com.almasb.fxgl.all@17.1/com.almasb.fxgl.app.FXGLApplication$InitAppTask.initGame(FXGLApplication.kt:339)
	at com.almasb.fxgl.all@17.1/com.almasb.fxgl.app.FXGLApplication$InitAppTask.call(FXGLApplication.kt:319)
	at com.almasb.fxgl.all@17.1/com.almasb.fxgl.app.FXGLApplication$InitAppTask.call(FXGLApplication.kt:311)
	at javafx.graphics/javafx.concurrent.Task$TaskCallable.call(Task.java:1426)
	at java.base/java.util.concurrent.FutureTask.run(FutureTask.java:264)
	at java.base/java.util.concurrent.Executors$RunnableAdapter.call(Executors.java:539)
	at java.base/java.util.concurrent.FutureTask.run(FutureTask.java:264)
	at java.base/java.util.concurrent.ThreadPoolExecutor.runWorker(ThreadPoolExecutor.java:1136)
	at java.base/java.util.concurrent.ThreadPoolExecutor$Worker.run(ThreadPoolExecutor.java:635)
	... 1 more

12:08:16.247 [JavaFX Application Thread] FATAL FXGLApplication      - Application will now exit
12:08:16.272 [JavaFX Application Thread] DEBUG PrimaryStageWindow   - Push state: ErrorSubScene
12:08:16.272 [JavaFX Application Thread] DEBUG Input                - Clearing active input actions
12:08:16.282 [JavaFX Application Thread] DEBUG GameApplicationServi - Removing overlay from FXGLLoadingScene and adding to ErrorSubScene
12:08:16.283 [JavaFX Application Thread] DEBUG PrimaryStageWindow   - FXGLLoadingScene -> ErrorSubScene
12:08:16.283 [JavaFX Application Thread] DEBUG FXGLApplication      - Registering font factories with UI factory
12:08:16.778 [FXGL Background Thread 2 ] INFO  UpdaterService       - Your current version:  17.1
12:08:16.778 [FXGL Background Thread 2 ] INFO  UpdaterService       - Latest stable version: 17.2
12:08:19.114 [FXGL Background Thread 3 ] DEBUG Engine               - Logging environment variables
12:08:19.114 [FXGL Background Thread 3 ] DEBUG Engine               - achievements: []
12:08:19.114 [FXGL Background Thread 3 ] DEBUG Engine               - actualHeight: 1024.0
12:08:19.114 [FXGL Background Thread 3 ] DEBUG Engine               - actualHeightProperty: ReadOnlyDoubleProperty [value: 1024.0]
12:08:19.114 [FXGL Background Thread 3 ] DEBUG Engine               - actualWidth: 1920.0
12:08:19.114 [FXGL Background Thread 3 ] DEBUG Engine               - actualWidthProperty: ReadOnlyDoubleProperty [value: 1920.0]
12:08:19.115 [FXGL Background Thread 3 ] DEBUG Engine               - appIcon: fxgl_icon.png
12:08:19.115 [FXGL Background Thread 3 ] DEBUG Engine               - applicationMode: DEVELOPER
12:08:19.115 [FXGL Background Thread 3 ] DEBUG Engine               - cSSList: [fxgl_dark.css]
12:08:19.115 [FXGL Background Thread 3 ] DEBUG Engine               - collisionDetectionStrategy: BRUTE_FORCE
12:08:19.115 [FXGL Background Thread 3 ] DEBUG Engine               - configClass: Optional.empty
12:08:19.115 [FXGL Background Thread 3 ] DEBUG Engine               - credits: []
12:08:19.115 [FXGL Background Thread 3 ] DEBUG Engine               - defaultCursor: CursorInfo(imageName=fxgl_default_cursor.png, hotspotX=7.0, hotspotY=6.0)
12:08:19.115 [FXGL Background Thread 3 ] DEBUG Engine               - devBBoxColorProperty: ObjectProperty [value: 0xff0000ff]
12:08:19.116 [FXGL Background Thread 3 ] DEBUG Engine               - devEnableDebugCameraProperty: BooleanProperty [value: false]
12:08:19.116 [FXGL Background Thread 3 ] DEBUG Engine               - devSensorColorProperty: ObjectProperty [value: 0xffff00ff]
12:08:19.116 [FXGL Background Thread 3 ] DEBUG Engine               - devShowBBoxProperty: BooleanProperty [value: false]
12:08:19.116 [FXGL Background Thread 3 ] DEBUG Engine               - devShowPositionProperty: BooleanProperty [value: false]
12:08:19.116 [FXGL Background Thread 3 ] DEBUG Engine               - enabledMenuItems: []
12:08:19.116 [FXGL Background Thread 3 ] DEBUG Engine               - engineServices: [class com.almasb.fxgl.app.services.FXGLAssetLoaderService, class com.almasb.fxgl.app.FXGLApplication$GameApplicationService, class com.almasb.fxgl.app.services.FXGLDialogService, class com.almasb.fxgl.app.services.IOTaskExecutorService, class com.almasb.fxgl.io.FileSystemService, class com.almasb.fxgl.localization.LocalizationService, class com.almasb.fxgl.app.services.SystemBundleService, class com.almasb.fxgl.profile.SaveLoadService, class com.almasb.fxgl.ui.FXGLUIFactoryServiceProvider, class com.almasb.fxgl.ui.FXGLDialogFactoryServiceProvider, class com.almasb.fxgl.audio.AudioPlayer, class com.almasb.fxgl.notification.impl.NotificationServiceProvider, class com.almasb.fxgl.achievement.AchievementService, class com.almasb.fxgl.cutscene.CutsceneService, class com.almasb.fxgl.minigames.MiniGameService, class com.almasb.fxgl.net.NetService, class com.almasb.fxgl.app.services.UpdaterService, class com.almasb.fxgl.dev.DevService]
12:08:19.116 [FXGL Background Thread 3 ] DEBUG Engine               - fontGame: Abel-Regular.ttf
12:08:19.116 [FXGL Background Thread 3 ] DEBUG Engine               - fontMono: TerminalLandMono-Regular.otf
12:08:19.116 [FXGL Background Thread 3 ] DEBUG Engine               - fontText: Courier-Prime.ttf
12:08:19.116 [FXGL Background Thread 3 ] DEBUG Engine               - fontUI: VarelaRound-Regular.ttf
12:08:19.116 [FXGL Background Thread 3 ] DEBUG Engine               - fullScreen: BooleanProperty [value: true]
12:08:19.116 [FXGL Background Thread 3 ] DEBUG Engine               - gameDifficulty: MEDIUM
12:08:19.116 [FXGL Background Thread 3 ] DEBUG Engine               - gameDifficultyProperty: ObjectProperty [value: MEDIUM]
12:08:19.116 [FXGL Background Thread 3 ] DEBUG Engine               - globalMusicVolume: 0.5
12:08:19.116 [FXGL Background Thread 3 ] DEBUG Engine               - globalMusicVolumeProperty: DoubleProperty [value: 0.5]
12:08:19.116 [FXGL Background Thread 3 ] DEBUG Engine               - globalSoundVolume: 0.5
12:08:19.116 [FXGL Background Thread 3 ] DEBUG Engine               - globalSoundVolumeProperty: DoubleProperty [value: 0.5]
12:08:19.116 [FXGL Background Thread 3 ] DEBUG Engine               - height: 1024
12:08:19.116 [FXGL Background Thread 3 ] DEBUG Engine               - is3D: false
12:08:19.116 [FXGL Background Thread 3 ] DEBUG Engine               - isAndroid: false
12:08:19.117 [FXGL Background Thread 3 ] DEBUG Engine               - isBrowser: false
12:08:19.117 [FXGL Background Thread 3 ] DEBUG Engine               - isClickFeedbackEnabled: false
12:08:19.117 [FXGL Background Thread 3 ] DEBUG Engine               - isCloseConfirmation: false
12:08:19.117 [FXGL Background Thread 3 ] DEBUG Engine               - isDesktop: true
12:08:19.117 [FXGL Background Thread 3 ] DEBUG Engine               - isDeveloperMenuEnabled: false
12:08:19.117 [FXGL Background Thread 3 ] DEBUG Engine               - isEmbedded: false
12:08:19.117 [FXGL Background Thread 3 ] DEBUG Engine               - isEntityPreloadEnabled: true
12:08:19.117 [FXGL Background Thread 3 ] DEBUG Engine               - isExperimentalTiledLargeMap: false
12:08:19.117 [FXGL Background Thread 3 ] DEBUG Engine               - isFileSystemWriteAllowed: true
12:08:19.117 [FXGL Background Thread 3 ] DEBUG Engine               - isFullScreenAllowed: false
12:08:19.117 [FXGL Background Thread 3 ] DEBUG Engine               - isFullScreenFromStart: true
12:08:19.117 [FXGL Background Thread 3 ] DEBUG Engine               - isGameMenuEnabled: true
12:08:19.117 [FXGL Background Thread 3 ] DEBUG Engine               - isIOS: false
12:08:19.117 [FXGL Background Thread 3 ] DEBUG Engine               - isIntroEnabled: false
12:08:19.117 [FXGL Background Thread 3 ] DEBUG Engine               - isLinux: false
12:08:19.117 [FXGL Background Thread 3 ] DEBUG Engine               - isMac: false
12:08:19.117 [FXGL Background Thread 3 ] DEBUG Engine               - isMainMenuEnabled: false
12:08:19.117 [FXGL Background Thread 3 ] DEBUG Engine               - isManualResizeEnabled: false
12:08:19.117 [FXGL Background Thread 3 ] DEBUG Engine               - isMobile: false
12:08:19.117 [FXGL Background Thread 3 ] DEBUG Engine               - isNative: false
12:08:19.117 [FXGL Background Thread 3 ] DEBUG Engine               - isPauseMusicWhenMinimized: true
12:08:19.117 [FXGL Background Thread 3 ] DEBUG Engine               - isPreserveResizeRatio: false
12:08:19.117 [FXGL Background Thread 3 ] DEBUG Engine               - isProfilingEnabled: false
12:08:19.117 [FXGL Background Thread 3 ] DEBUG Engine               - isScaleAffectedOnResize: true
12:08:19.117 [FXGL Background Thread 3 ] DEBUG Engine               - isSingleStep: false
12:08:19.117 [FXGL Background Thread 3 ] DEBUG Engine               - isUserProfileEnabled: false
12:08:19.117 [FXGL Background Thread 3 ] DEBUG Engine               - isWindows: true
12:08:19.117 [FXGL Background Thread 3 ] DEBUG Engine               - language: ObjectProperty [value: ENGLISH]
12:08:19.117 [FXGL Background Thread 3 ] DEBUG Engine               - menuKey: ESCAPE
12:08:19.118 [FXGL Background Thread 3 ] DEBUG Engine               - mouseSensitivity: 0.2
12:08:19.118 [FXGL Background Thread 3 ] DEBUG Engine               - notificationViewClass: class com.almasb.fxgl.notification.view.XboxNotificationView
12:08:19.118 [FXGL Background Thread 3 ] DEBUG Engine               - pixelsPerMeter: 50.0
12:08:19.118 [FXGL Background Thread 3 ] DEBUG Engine               - platform: WINDOWS
12:08:19.118 [FXGL Background Thread 3 ] DEBUG Engine               - prefHeightProperty: ReadOnlyDoubleProperty [value: 1024.0]
12:08:19.118 [FXGL Background Thread 3 ] DEBUG Engine               - prefWidthProperty: ReadOnlyDoubleProperty [value: 1920.0]
12:08:19.118 [FXGL Background Thread 3 ] DEBUG Engine               - profileDir: profiles/
12:08:19.118 [FXGL Background Thread 3 ] DEBUG Engine               - profileName: StringProperty [value: DEFAULT]
12:08:19.118 [FXGL Background Thread 3 ] DEBUG Engine               - randomSeed: -1
12:08:19.118 [FXGL Background Thread 3 ] DEBUG Engine               - runtimeInfo: RuntimeInfo(platform=WINDOWS, version=17.1, build=24.03.2022 17.34)
12:08:19.118 [FXGL Background Thread 3 ] DEBUG Engine               - saveFileExt: sav
12:08:19.118 [FXGL Background Thread 3 ] DEBUG Engine               - scaledHeightProp$fxgl: DoubleProperty [bound, value: 1024.0]
12:08:19.118 [FXGL Background Thread 3 ] DEBUG Engine               - scaledWidthProp$fxgl: DoubleProperty [bound, value: 1920.0]
12:08:19.118 [FXGL Background Thread 3 ] DEBUG Engine               - sceneFactory: com.almasb.fxgl.app.scene.SceneFactory@68b3b4f7
12:08:19.118 [FXGL Background Thread 3 ] DEBUG Engine               - secondsIn24h: 60
12:08:19.118 [FXGL Background Thread 3 ] DEBUG Engine               - soundMenuBack: menu/back.wav
12:08:19.118 [FXGL Background Thread 3 ] DEBUG Engine               - soundMenuPress: menu/press.wav
12:08:19.118 [FXGL Background Thread 3 ] DEBUG Engine               - soundMenuSelect: menu/select.wav
12:08:19.118 [FXGL Background Thread 3 ] DEBUG Engine               - soundNotification: core/notification.wav
12:08:19.118 [FXGL Background Thread 3 ] DEBUG Engine               - stageStyle: DECORATED
12:08:19.118 [FXGL Background Thread 3 ] DEBUG Engine               - supportedLanguages: [ENGLISH, FRENCH, GERMAN, HUNGARIAN, RUSSIAN]
12:08:19.118 [FXGL Background Thread 3 ] DEBUG Engine               - ticksPerSecond: -1
12:08:19.118 [FXGL Background Thread 3 ] DEBUG Engine               - title: Racing game
12:08:19.119 [FXGL Background Thread 3 ] DEBUG Engine               - urlGithub: https://github.com/AlmasB/FXGL
12:08:19.119 [FXGL Background Thread 3 ] DEBUG Engine               - urlLeaderboard: http://fxgl-top.herokuapp.com/
12:08:19.119 [FXGL Background Thread 3 ] DEBUG Engine               - urlPOM: https://raw.githubusercontent.com/AlmasB/FXGL/release/README.md
12:08:19.119 [FXGL Background Thread 3 ] DEBUG Engine               - userAppClass: class leo.skvorc.racinggame.RacingApp
12:08:19.119 [FXGL Background Thread 3 ] DEBUG Engine               - version: 0.0
12:08:19.119 [FXGL Background Thread 3 ] DEBUG Engine               - versionCheckDays: 7
12:08:19.119 [FXGL Background Thread 3 ] DEBUG Engine               - width: 1920
12:08:19.119 [FXGL Background Thread 3 ] DEBUG Engine               - Logging services
12:08:19.119 [FXGL Background Thread 3 ] DEBUG Engine               - class com.almasb.fxgl.app.services.FXGLAssetLoaderService
12:08:19.119 [FXGL Background Thread 3 ] DEBUG Engine               - class com.almasb.fxgl.app.FXGLApplication$GameApplicationService
12:08:19.119 [FXGL Background Thread 3 ] DEBUG Engine               - class com.almasb.fxgl.app.services.FXGLDialogService
12:08:19.119 [FXGL Background Thread 3 ] DEBUG Engine               - class com.almasb.fxgl.app.services.IOTaskExecutorService
12:08:19.119 [FXGL Background Thread 3 ] DEBUG Engine               - class com.almasb.fxgl.io.FileSystemService
12:08:19.119 [FXGL Background Thread 3 ] DEBUG Engine               - class com.almasb.fxgl.localization.LocalizationService
12:08:19.119 [FXGL Background Thread 3 ] DEBUG Engine               - class com.almasb.fxgl.app.services.SystemBundleService
12:08:19.119 [FXGL Background Thread 3 ] DEBUG Engine               - class com.almasb.fxgl.profile.SaveLoadService
12:08:19.119 [FXGL Background Thread 3 ] DEBUG Engine               - class com.almasb.fxgl.ui.FXGLUIFactoryServiceProvider
12:08:19.119 [FXGL Background Thread 3 ] DEBUG Engine               - class com.almasb.fxgl.ui.FXGLDialogFactoryServiceProvider
12:08:19.119 [FXGL Background Thread 3 ] DEBUG Engine               - class com.almasb.fxgl.audio.AudioPlayer
12:08:19.119 [FXGL Background Thread 3 ] DEBUG Engine               - class com.almasb.fxgl.notification.impl.NotificationServiceProvider
12:08:19.119 [FXGL Background Thread 3 ] DEBUG Engine               - class com.almasb.fxgl.achievement.AchievementService
12:08:19.119 [FXGL Background Thread 3 ] DEBUG Engine               - class com.almasb.fxgl.cutscene.CutsceneService
12:08:19.119 [FXGL Background Thread 3 ] DEBUG Engine               - class com.almasb.fxgl.minigames.MiniGameService
12:08:19.119 [FXGL Background Thread 3 ] DEBUG Engine               - class com.almasb.fxgl.net.NetService
12:08:19.119 [FXGL Background Thread 3 ] DEBUG Engine               - class com.almasb.fxgl.app.services.UpdaterService
12:08:19.119 [FXGL Background Thread 3 ] DEBUG Engine               - class com.almasb.fxgl.dev.DevService
12:08:24.963 [JavaFX Application Thread] DEBUG FXGLApplication      - Exiting FXGL
12:08:24.963 [JavaFX Application Thread] DEBUG Async                - Shutting down background threads
12:08:24.963 [JavaFX Application Thread] DEBUG PrimaryStageWindow   - Closing main window
12:08:24.970 [JavaFX Application Thread] DEBUG Logger               - Closing Logger
