12:12:42.738 [main                     ] DEBUG Logger               - Configured Logger
12:12:42.761 [main                     ] DEBUG GameApplication      - Logging settings
Title: Racing game
Version: 0.0
Width: 1920
Height: 1024
Fullscreen: false
Intro: false
Profiling: false
Single step:false
App Mode: DEVELOPER
Menu Key: ESCAPE
Stage Style: DECORATED
Scene Factory: class com.almasb.fxgl.app.scene.SceneFactory

12:12:43.046 [JavaFX Application Thread] DEBUG FXGLApplication      - Initializing FXGL
12:12:43.050 [JavaFX Application Thread] INFO  Engine               - FXGL-17.1 (24.03.2022 17.34) on WINDOWS (J:17.0.4.1 FX:17.0.2-ea)
12:12:43.051 [JavaFX Application Thread] DEBUG Engine               - JRE Vendor Name: Amazon.com Inc.
12:12:43.051 [JavaFX Application Thread] DEBUG Engine               - Running on OS: Windows 10 version 10.0
12:12:43.051 [JavaFX Application Thread] DEBUG Engine               - Architecture: amd64
12:12:43.051 [JavaFX Application Thread] INFO  Engine               - Source code and latest versions at: https://github.com/AlmasB/FXGL
12:12:43.051 [JavaFX Application Thread] INFO  Engine               -       Ask questions and discuss at: https://github.com/AlmasB/FXGL/discussions
12:12:43.052 [JavaFX Application Thread] INFO  Engine               -              Join the FXGL chat at: https://gitter.im/AlmasB/FXGL
12:12:43.112 [JavaFX Application Thread] DEBUG PrimaryStageWindow   - Creating a JavaFX scene
12:12:43.143 [JavaFX Application Thread] DEBUG PrimaryStageWindow   - Target settings size: 1920.0 x 1024.0
12:12:43.144 [JavaFX Application Thread] DEBUG PrimaryStageWindow   - Scaled scene size:    1920.0 x 1024.0
12:12:43.144 [JavaFX Application Thread] DEBUG PrimaryStageWindow   - Scaled ratio: (1.0, 1.0)
12:12:43.145 [JavaFX Application Thread] DEBUG PrimaryStageWindow   - Set initial scene to FXGLStartupScene
12:12:43.149 [JavaFX Application Thread] DEBUG PrimaryStageWindow   - Opening main window
12:12:43.218 [JavaFX Application Thread] DEBUG PrimaryStageWindow   - Window border size: (16.0, 39.0)
12:12:43.218 [JavaFX Application Thread] DEBUG PrimaryStageWindow   - Scaled size: 1920.0 x 1024.0
12:12:43.218 [JavaFX Application Thread] DEBUG PrimaryStageWindow   - Scaled ratio: (1.0, 1.0)
12:12:43.218 [JavaFX Application Thread] DEBUG PrimaryStageWindow   - Scene size: 1920.0 x 1024.0
12:12:43.219 [JavaFX Application Thread] DEBUG PrimaryStageWindow   - Stage size: 1936.0 x 1063.0
12:12:43.224 [FXGL Background Thread 1 ] DEBUG Engine               - Initializing environment variables
12:12:43.253 [FXGL Background Thread 1 ] DEBUG FXGLAssetLoaderServi - User app class for loading assets: class leo.skvorc.racinggame.RacingApp
12:12:43.253 [FXGL Background Thread 1 ] DEBUG GameApplicationServi - Applying CSS: fxgl_dark.css
12:12:43.254 [FXGL Background Thread 1 ] DEBUG FXGLAssetLoaderServi - Loading from file system: jar:file:///C:/Users/lskvo/.m2/repository/com/github/almasb/fxgl/17.1/fxgl-17.1.jar!/fxglassets/ui/css/fxgl_dark.css
12:12:43.288 [FXGL Background Thread 1 ] DEBUG GameApplicationServi - Initializing application scenes
12:12:43.329 [FXGL Background Thread 1 ] DEBUG GameWorld            - Game world initialized
12:12:43.370 [FXGL Background Thread 1 ] DEBUG PhysicsWorld         - Physics world initialized: appHeight=1024, physics.ppm=50.0
12:12:43.370 [FXGL Background Thread 1 ] DEBUG PhysicsWorld         - Using strategy: BRUTE_FORCE
12:12:43.376 [FXGL Background Thread 1 ] DEBUG GameScene            - Game scene initialized: 1920x1024
12:12:43.385 [FXGL Background Thread 1 ] DEBUG FXGL.DefaultMenu     - createMenuBodyGameMenu()
12:12:43.398 [FXGL Background Thread 1 ] DEBUG FXGL.DefaultMenu     - createOptionsMenu()
12:12:43.407 [FXGL Background Thread 1 ] DEBUG FXGLAssetLoaderServi - Loading from file system: jar:file:///C:/Users/lskvo/.m2/repository/com/github/almasb/fxgl/17.1/fxgl-17.1.jar!/fxglassets/textures/particles/smoke.png
12:12:43.473 [FXGL Background Thread 1 ] DEBUG FXGLAssetLoaderServi - Loading from file system: jar:file:///C:/Users/lskvo/.m2/repository/com/github/almasb/fxgl/17.1/fxgl-17.1.jar!/fxglassets/textures/particles/trace_horizontal.png
12:12:43.498 [FXGL Background Thread 1 ] DEBUG GameApplicationServi - Application scenes initialized
12:12:43.507 [FXGL Background Thread 1 ] DEBUG SystemBundleService  - Loading FXGL system data
12:12:43.510 [FXGL Background Thread 1 ] DEBUG FileSystemAccess     - Reading from: C:\Users\lskvo\Documents\Algebra\5 Semestar\Programiranje u Javi 2\Projekt\Racing Game\system\fxgl.bundle
12:12:43.516 [FXGL Background Thread 1 ] DEBUG SystemBundleService  - Bundle FXGL: {}
12:12:43.517 [FXGL Background Thread 1 ] DEBUG UpdaterService       - Checking for updates
12:12:43.520 [FXGL Background Thread 4 ] DEBUG FXGLApplication      - Loading fonts
12:12:43.521 [FXGL Background Thread 1 ] DEBUG FXGLApplication      - Loading default localization
12:12:43.521 [FXGL Background Thread 4 ] DEBUG FXGLAssetLoaderServi - Loading from file system: jar:file:///C:/Users/lskvo/.m2/repository/com/github/almasb/fxgl/17.1/fxgl-17.1.jar!/fxglassets/ui/fonts/VarelaRound-Regular.ttf
12:12:43.522 [FXGL Background Thread 1 ] DEBUG FXGLAssetLoaderServi - Loading from file system: jar:file:///C:/Users/lskvo/.m2/repository/com/github/almasb/fxgl/17.1/fxgl-17.1.jar!/fxglassets/languages/english.lang
12:12:43.537 [FXGL Background Thread 1 ] INFO  FXGLApplication      - FXGL initialization took: 0.312 sec
12:12:43.550 [JavaFX Application Thread] DEBUG Input                - Registered new binding: action0 - W
12:12:43.551 [JavaFX Application Thread] DEBUG Input                - Registered new binding: action1 - S
12:12:43.551 [JavaFX Application Thread] DEBUG Input                - Registered new binding: action2 - A
12:12:43.551 [JavaFX Application Thread] DEBUG Input                - Registered new binding: action3 - D
12:12:43.552 [JavaFX Application Thread] DEBUG Input                - Registered new binding: action4 - Up
12:12:43.552 [JavaFX Application Thread] DEBUG Input                - Registered new binding: action5 - Down
12:12:43.552 [JavaFX Application Thread] DEBUG Input                - Registered new binding: action6 - Left
12:12:43.553 [JavaFX Application Thread] DEBUG Input                - Registered new binding: action7 - Right
12:12:43.553 [JavaFX Application Thread] DEBUG FXGLAssetLoaderServi - Loading from file system: jar:file:///C:/Users/lskvo/.m2/repository/com/github/almasb/fxgl/17.1/fxgl-17.1.jar!/fxglassets/textures/fxgl_icon.png
12:12:43.580 [JavaFX Application Thread] DEBUG FXGLAssetLoaderServi - Loading from file system: jar:file:///C:/Users/lskvo/.m2/repository/com/github/almasb/fxgl/17.1/fxgl-17.1.jar!/fxglassets/textures/fxgl_default_cursor.png
12:12:43.583 [JavaFX Application Thread] DEBUG Input                - Registered new binding: Screenshot - CTRL+8
12:12:43.584 [JavaFX Application Thread] DEBUG Input                - Registered new binding: System info dump - CTRL+9
12:12:43.584 [JavaFX Application Thread] DEBUG Input                - Registered new binding: Restart - CTRL+R
12:12:43.586 [JavaFX Application Thread] DEBUG Input                - Registered new binding: Toggle Debug Camera - CTRL+7
12:12:43.587 [FXGL Background Thread 4 ] DEBUG FXGLAssetLoaderServi - Loading from file system: jar:file:///C:/Users/lskvo/.m2/repository/com/github/almasb/fxgl/17.1/fxgl-17.1.jar!/fxglassets/ui/fonts/Abel-Regular.ttf
12:12:43.588 [JavaFX Application Thread] DEBUG LoopRunner           - Starting loop
12:12:43.588 [JavaFX Application Thread] DEBUG LoopRunner           - Initializing JavaFX AnimationTimerLoop
12:12:43.589 [JavaFX Application Thread] DEBUG GameApplicationServi - Starting new game
12:12:43.589 [JavaFX Application Thread] DEBUG Input                - Clearing active input actions
12:12:43.596 [FXGL Background Thread 4 ] DEBUG FXGLAssetLoaderServi - Loading from file system: jar:file:///C:/Users/lskvo/.m2/repository/com/github/almasb/fxgl/17.1/fxgl-17.1.jar!/fxglassets/ui/fonts/TerminalLandMono-Regular.otf
12:12:43.601 [JavaFX Application Thread] DEBUG GameApplicationServi - Removing overlay from FXGLStartupScene and adding to FXGLLoadingScene
12:12:43.602 [JavaFX Application Thread] DEBUG PrimaryStageWindow   - FXGLStartupScene -> FXGLLoadingScene
12:12:43.602 [JavaFX Application Thread] DEBUG GameApplicationServi - Clearing previous game
12:12:43.602 [JavaFX Application Thread] DEBUG GameScene            - Clearing game scene
12:12:43.602 [JavaFX Application Thread] DEBUG GameWorld            - Clearing game world
12:12:43.602 [JavaFX Application Thread] DEBUG PhysicsWorld         - Clearing physics world
12:12:43.604 [FXGL Background Thread 4 ] DEBUG FXGLAssetLoaderServi - Loading from file system: jar:file:///C:/Users/lskvo/.m2/repository/com/github/almasb/fxgl/17.1/fxgl-17.1.jar!/fxglassets/ui/fonts/Courier-Prime.ttf
12:12:43.605 [FXGL Background Thread 1 ] DEBUG FXGLApplication      - Initializing game
12:12:43.649 [JavaFX Application Thread] DEBUG FXGLApplication      - Registering font factories with UI factory
12:12:43.699 [FXGL Background Thread 1 ] WARN  TMXLevelLoader       - TiledMap generated from 1.9.2. Supported version: 1.4.2. Some features may not be parsed fully.
12:12:43.709 [FXGL Background Thread 1 ] DEBUG TMXLevelLoader       - Parsed TiledMap: file:/C:/Users/lskvo/Documents/Algebra/5%20Semestar/Programiranje%20u%20Javi%202/Projekt/Racing%20Game/target/classes/assets/levels/tmx/track2.tmx
12:12:43.710 [FXGL Background Thread 1 ] DEBUG TMXLevelLoader       - Creating tile layer entities
12:12:43.712 [FXGL Background Thread 1 ] DEBUG TilesetLoader        - Loading view for layer Tile Layer 1
12:12:43.715 [FXGL Background Thread 1 ] DEBUG TilesetLoader        - Created buffer with size 1920.0x1024.0
12:12:43.806 [FXGL Background Thread 1 ] DEBUG TilesetLoader        - Loading view for layer Tile Layer 2
12:12:43.813 [FXGL Background Thread 1 ] DEBUG TilesetLoader        - Created buffer with size 1920.0x1024.0
12:12:43.815 [FXGL Background Thread 1 ] DEBUG TMXLevelLoader       - Creating object layer entities
12:12:43.845 [FXGL Background Thread 1 ] DEBUG GameWorld            - Clearing removable entities
12:12:43.846 [FXGL Background Thread 1 ] DEBUG GameWorld            - Setting level: com.almasb.fxgl.entity.level.Level@555699f1
12:12:43.856 [JavaFX Application Thread] DEBUG LoopRunner           - Stopping loop
12:12:43.861 [JavaFX Application Thread] FATAL FXGLApplication      - Uncaught Exception:
java.lang.RuntimeException: Initialization failed
	at com.almasb.fxgl.all@17.1/com.almasb.fxgl.app.FXGLApplication$InitAppTask.failed(FXGLApplication.kt:343)
	at javafx.graphics/javafx.concurrent.Task.setState(Task.java:710)
	at javafx.graphics/javafx.concurrent.Task$TaskCallable.lambda$call$2(Task.java:1456)
	at javafx.graphics/com.sun.javafx.application.PlatformImpl.lambda$runLater$10(PlatformImpl.java:457)
	at java.base/java.security.AccessController.doPrivileged(AccessController.java:399)
	at javafx.graphics/com.sun.javafx.application.PlatformImpl.lambda$runLater$11(PlatformImpl.java:456)
	at javafx.graphics/com.sun.glass.ui.InvokeLaterDispatcher$Future.run(InvokeLaterDispatcher.java:96)
	at javafx.graphics/com.sun.glass.ui.win.WinApplication._runLoop(Native Method)
	at javafx.graphics/com.sun.glass.ui.win.WinApplication.lambda$runLoop$3(WinApplication.java:184)
	at java.base/java.lang.Thread.run(Thread.java:833)
Caused by: java.lang.NullPointerException: Cannot invoke "leo.skvorc.racinggame.Config.getPlayer1()" because "this.config" is null
	at racinggame.main/leo.skvorc.racinggame.RacingFactory.newCar1(RacingFactory.java:24)
	at java.base/jdk.internal.reflect.NativeMethodAccessorImpl.invoke0(Native Method)
	at java.base/jdk.internal.reflect.NativeMethodAccessorImpl.invoke(NativeMethodAccessorImpl.java:77)
	at java.base/jdk.internal.reflect.DelegatingMethodAccessorImpl.invoke(DelegatingMethodAccessorImpl.java:43)
	at java.base/java.lang.reflect.Method.invoke(Method.java:568)
	at com.almasb.fxgl.core@17.1/com.almasb.fxgl.core.reflect.ReflectionUtils.call(ReflectionUtils.java:104)
	at com.almasb.fxgl.core@17.1/com.almasb.fxgl.core.reflect.ReflectionUtils.lambda$mapToFunction$3(ReflectionUtils.java:111)
	at com.almasb.fxgl.entity@17.1/com.almasb.fxgl.entity.GameWorld$create$2.invoke(GameWorld.kt:430)
	at com.almasb.fxgl.entity@17.1/com.almasb.fxgl.entity.GameWorld$create$2.invoke(GameWorld.kt:430)
	at com.almasb.fxgl.core@17.1/com.almasb.fxgl.core.util.DSLKt.tryCatchRoot(DSL.kt:34)
	at com.almasb.fxgl.entity@17.1/com.almasb.fxgl.entity.GameWorld.create(GameWorld.kt:430)
	at com.almasb.fxgl.entity@17.1/com.almasb.fxgl.entity.GameWorld.spawn(GameWorld.kt:396)
	at com.almasb.fxgl.entity@17.1/com.almasb.fxgl.entity.GameWorld.spawn(GameWorld.kt:384)
	at com.almasb.fxgl.all@17.1/com.almasb.fxgl.dsl.FXGL$Companion.spawn(FXGL.kt:557)
	at com.almasb.fxgl.all@17.1/com.almasb.fxgl.dsl.FXGL.spawn(FXGL.kt)
	at racinggame.main/leo.skvorc.racinggame.RacingApp.initGame(RacingApp.java:63)
	at com.almasb.fxgl.all@17.1/com.almasb.fxgl.app.FXGLApplication$InitAppTask.initGame(FXGLApplication.kt:339)
	at com.almasb.fxgl.all@17.1/com.almasb.fxgl.app.FXGLApplication$InitAppTask.call(FXGLApplication.kt:319)
	at com.almasb.fxgl.all@17.1/com.almasb.fxgl.app.FXGLApplication$InitAppTask.call(FXGLApplication.kt:311)
	at javafx.graphics/javafx.concurrent.Task$TaskCallable.call(Task.java:1426)
	at java.base/java.util.concurrent.FutureTask.run(FutureTask.java:264)
	at java.base/java.util.concurrent.Executors$RunnableAdapter.call(Executors.java:539)
	at java.base/java.util.concurrent.FutureTask.run(FutureTask.java:264)
	at java.base/java.util.concurrent.ThreadPoolExecutor.runWorker(ThreadPoolExecutor.java:1136)
	at java.base/java.util.concurrent.ThreadPoolExecutor$Worker.run(ThreadPoolExecutor.java:635)
	... 1 more

12:12:43.862 [JavaFX Application Thread] FATAL FXGLApplication      - Application will now exit
12:12:43.878 [JavaFX Application Thread] DEBUG PrimaryStageWindow   - Push state: ErrorSubScene
12:12:43.878 [JavaFX Application Thread] DEBUG Input                - Clearing active input actions
12:12:43.886 [JavaFX Application Thread] DEBUG GameApplicationServi - Removing overlay from FXGLLoadingScene and adding to ErrorSubScene
12:12:43.887 [JavaFX Application Thread] DEBUG PrimaryStageWindow   - FXGLLoadingScene -> ErrorSubScene
12:12:43.928 [FXGL Background Thread 2 ] INFO  UpdaterService       - Your current version:  17.1
12:12:43.928 [FXGL Background Thread 2 ] INFO  UpdaterService       - Latest stable version: 17.2
12:12:46.521 [FXGL Background Thread 3 ] DEBUG Engine               - Logging environment variables
12:12:46.521 [FXGL Background Thread 3 ] DEBUG Engine               - achievements: []
12:12:46.521 [FXGL Background Thread 3 ] DEBUG Engine               - actualHeight: 1024.0
12:12:46.521 [FXGL Background Thread 3 ] DEBUG Engine               - actualHeightProperty: ReadOnlyDoubleProperty [value: 1024.0]
12:12:46.521 [FXGL Background Thread 3 ] DEBUG Engine               - actualWidth: 1920.0
12:12:46.521 [FXGL Background Thread 3 ] DEBUG Engine               - actualWidthProperty: ReadOnlyDoubleProperty [value: 1920.0]
12:12:46.521 [FXGL Background Thread 3 ] DEBUG Engine               - appIcon: fxgl_icon.png
12:12:46.521 [FXGL Background Thread 3 ] DEBUG Engine               - applicationMode: DEVELOPER
12:12:46.521 [FXGL Background Thread 3 ] DEBUG Engine               - cSSList: [fxgl_dark.css]
12:12:46.522 [FXGL Background Thread 3 ] DEBUG Engine               - collisionDetectionStrategy: BRUTE_FORCE
12:12:46.522 [FXGL Background Thread 3 ] DEBUG Engine               - configClass: Optional.empty
12:12:46.522 [FXGL Background Thread 3 ] DEBUG Engine               - credits: []
12:12:46.522 [FXGL Background Thread 3 ] DEBUG Engine               - defaultCursor: CursorInfo(imageName=fxgl_default_cursor.png, hotspotX=7.0, hotspotY=6.0)
12:12:46.522 [FXGL Background Thread 3 ] DEBUG Engine               - devBBoxColorProperty: ObjectProperty [value: 0xff0000ff]
12:12:46.522 [FXGL Background Thread 3 ] DEBUG Engine               - devEnableDebugCameraProperty: BooleanProperty [value: false]
12:12:46.522 [FXGL Background Thread 3 ] DEBUG Engine               - devSensorColorProperty: ObjectProperty [value: 0xffff00ff]
12:12:46.522 [FXGL Background Thread 3 ] DEBUG Engine               - devShowBBoxProperty: BooleanProperty [value: false]
12:12:46.522 [FXGL Background Thread 3 ] DEBUG Engine               - devShowPositionProperty: BooleanProperty [value: false]
12:12:46.522 [FXGL Background Thread 3 ] DEBUG Engine               - enabledMenuItems: []
12:12:46.522 [FXGL Background Thread 3 ] DEBUG Engine               - engineServices: [class com.almasb.fxgl.app.services.FXGLAssetLoaderService, class com.almasb.fxgl.app.FXGLApplication$GameApplicationService, class com.almasb.fxgl.app.services.FXGLDialogService, class com.almasb.fxgl.app.services.IOTaskExecutorService, class com.almasb.fxgl.io.FileSystemService, class com.almasb.fxgl.localization.LocalizationService, class com.almasb.fxgl.app.services.SystemBundleService, class com.almasb.fxgl.profile.SaveLoadService, class com.almasb.fxgl.ui.FXGLUIFactoryServiceProvider, class com.almasb.fxgl.ui.FXGLDialogFactoryServiceProvider, class com.almasb.fxgl.audio.AudioPlayer, class com.almasb.fxgl.notification.impl.NotificationServiceProvider, class com.almasb.fxgl.achievement.AchievementService, class com.almasb.fxgl.cutscene.CutsceneService, class com.almasb.fxgl.minigames.MiniGameService, class com.almasb.fxgl.net.NetService, class com.almasb.fxgl.app.services.UpdaterService, class com.almasb.fxgl.dev.DevService]
12:12:46.522 [FXGL Background Thread 3 ] DEBUG Engine               - fontGame: Abel-Regular.ttf
12:12:46.522 [FXGL Background Thread 3 ] DEBUG Engine               - fontMono: TerminalLandMono-Regular.otf
12:12:46.522 [FXGL Background Thread 3 ] DEBUG Engine               - fontText: Courier-Prime.ttf
12:12:46.522 [FXGL Background Thread 3 ] DEBUG Engine               - fontUI: VarelaRound-Regular.ttf
12:12:46.523 [FXGL Background Thread 3 ] DEBUG Engine               - fullScreen: BooleanProperty [value: true]
12:12:46.523 [FXGL Background Thread 3 ] DEBUG Engine               - gameDifficulty: MEDIUM
12:12:46.523 [FXGL Background Thread 3 ] DEBUG Engine               - gameDifficultyProperty: ObjectProperty [value: MEDIUM]
12:12:46.523 [FXGL Background Thread 3 ] DEBUG Engine               - globalMusicVolume: 0.5
12:12:46.523 [FXGL Background Thread 3 ] DEBUG Engine               - globalMusicVolumeProperty: DoubleProperty [value: 0.5]
12:12:46.523 [FXGL Background Thread 3 ] DEBUG Engine               - globalSoundVolume: 0.5
12:12:46.523 [FXGL Background Thread 3 ] DEBUG Engine               - globalSoundVolumeProperty: DoubleProperty [value: 0.5]
12:12:46.523 [FXGL Background Thread 3 ] DEBUG Engine               - height: 1024
12:12:46.523 [FXGL Background Thread 3 ] DEBUG Engine               - is3D: false
12:12:46.523 [FXGL Background Thread 3 ] DEBUG Engine               - isAndroid: false
12:12:46.523 [FXGL Background Thread 3 ] DEBUG Engine               - isBrowser: false
12:12:46.523 [FXGL Background Thread 3 ] DEBUG Engine               - isClickFeedbackEnabled: false
12:12:46.523 [FXGL Background Thread 3 ] DEBUG Engine               - isCloseConfirmation: false
12:12:46.523 [FXGL Background Thread 3 ] DEBUG Engine               - isDesktop: true
12:12:46.523 [FXGL Background Thread 3 ] DEBUG Engine               - isDeveloperMenuEnabled: false
12:12:46.523 [FXGL Background Thread 3 ] DEBUG Engine               - isEmbedded: false
12:12:46.523 [FXGL Background Thread 3 ] DEBUG Engine               - isEntityPreloadEnabled: true
12:12:46.523 [FXGL Background Thread 3 ] DEBUG Engine               - isExperimentalTiledLargeMap: false
12:12:46.523 [FXGL Background Thread 3 ] DEBUG Engine               - isFileSystemWriteAllowed: true
12:12:46.523 [FXGL Background Thread 3 ] DEBUG Engine               - isFullScreenAllowed: false
12:12:46.523 [FXGL Background Thread 3 ] DEBUG Engine               - isFullScreenFromStart: true
12:12:46.523 [FXGL Background Thread 3 ] DEBUG Engine               - isGameMenuEnabled: true
12:12:46.523 [FXGL Background Thread 3 ] DEBUG Engine               - isIOS: false
12:12:46.523 [FXGL Background Thread 3 ] DEBUG Engine               - isIntroEnabled: false
12:12:46.523 [FXGL Background Thread 3 ] DEBUG Engine               - isLinux: false
12:12:46.523 [FXGL Background Thread 3 ] DEBUG Engine               - isMac: false
12:12:46.524 [FXGL Background Thread 3 ] DEBUG Engine               - isMainMenuEnabled: false
12:12:46.524 [FXGL Background Thread 3 ] DEBUG Engine               - isManualResizeEnabled: false
12:12:46.524 [FXGL Background Thread 3 ] DEBUG Engine               - isMobile: false
12:12:46.524 [FXGL Background Thread 3 ] DEBUG Engine               - isNative: false
12:12:46.524 [FXGL Background Thread 3 ] DEBUG Engine               - isPauseMusicWhenMinimized: true
12:12:46.524 [FXGL Background Thread 3 ] DEBUG Engine               - isPreserveResizeRatio: false
12:12:46.524 [FXGL Background Thread 3 ] DEBUG Engine               - isProfilingEnabled: false
12:12:46.524 [FXGL Background Thread 3 ] DEBUG Engine               - isScaleAffectedOnResize: true
12:12:46.524 [FXGL Background Thread 3 ] DEBUG Engine               - isSingleStep: false
12:12:46.524 [FXGL Background Thread 3 ] DEBUG Engine               - isUserProfileEnabled: false
12:12:46.524 [FXGL Background Thread 3 ] DEBUG Engine               - isWindows: true
12:12:46.524 [FXGL Background Thread 3 ] DEBUG Engine               - language: ObjectProperty [value: ENGLISH]
12:12:46.524 [FXGL Background Thread 3 ] DEBUG Engine               - menuKey: ESCAPE
12:12:46.524 [FXGL Background Thread 3 ] DEBUG Engine               - mouseSensitivity: 0.2
12:12:46.524 [FXGL Background Thread 3 ] DEBUG Engine               - notificationViewClass: class com.almasb.fxgl.notification.view.XboxNotificationView
12:12:46.524 [FXGL Background Thread 3 ] DEBUG Engine               - pixelsPerMeter: 50.0
12:12:46.524 [FXGL Background Thread 3 ] DEBUG Engine               - platform: WINDOWS
12:12:46.524 [FXGL Background Thread 3 ] DEBUG Engine               - prefHeightProperty: ReadOnlyDoubleProperty [value: 1024.0]
12:12:46.524 [FXGL Background Thread 3 ] DEBUG Engine               - prefWidthProperty: ReadOnlyDoubleProperty [value: 1920.0]
12:12:46.524 [FXGL Background Thread 3 ] DEBUG Engine               - profileDir: profiles/
12:12:46.524 [FXGL Background Thread 3 ] DEBUG Engine               - profileName: StringProperty [value: DEFAULT]
12:12:46.524 [FXGL Background Thread 3 ] DEBUG Engine               - randomSeed: -1
12:12:46.524 [FXGL Background Thread 3 ] DEBUG Engine               - runtimeInfo: RuntimeInfo(platform=WINDOWS, version=17.1, build=24.03.2022 17.34)
12:12:46.525 [FXGL Background Thread 3 ] DEBUG Engine               - saveFileExt: sav
12:12:46.525 [FXGL Background Thread 3 ] DEBUG Engine               - scaledHeightProp$fxgl: DoubleProperty [bound, value: 1024.0]
12:12:46.525 [FXGL Background Thread 3 ] DEBUG Engine               - scaledWidthProp$fxgl: DoubleProperty [bound, value: 1920.0]
12:12:46.525 [FXGL Background Thread 3 ] DEBUG Engine               - sceneFactory: com.almasb.fxgl.app.scene.SceneFactory@4d142cd6
12:12:46.525 [FXGL Background Thread 3 ] DEBUG Engine               - secondsIn24h: 60
12:12:46.525 [FXGL Background Thread 3 ] DEBUG Engine               - soundMenuBack: menu/back.wav
12:12:46.525 [FXGL Background Thread 3 ] DEBUG Engine               - soundMenuPress: menu/press.wav
12:12:46.525 [FXGL Background Thread 3 ] DEBUG Engine               - soundMenuSelect: menu/select.wav
12:12:46.525 [FXGL Background Thread 3 ] DEBUG Engine               - soundNotification: core/notification.wav
12:12:46.525 [FXGL Background Thread 3 ] DEBUG Engine               - stageStyle: DECORATED
12:12:46.525 [FXGL Background Thread 3 ] DEBUG Engine               - supportedLanguages: [ENGLISH, FRENCH, GERMAN, HUNGARIAN, RUSSIAN]
12:12:46.525 [FXGL Background Thread 3 ] DEBUG Engine               - ticksPerSecond: -1
12:12:46.525 [FXGL Background Thread 3 ] DEBUG Engine               - title: Racing game
12:12:46.525 [FXGL Background Thread 3 ] DEBUG Engine               - urlGithub: https://github.com/AlmasB/FXGL
12:12:46.525 [FXGL Background Thread 3 ] DEBUG Engine               - urlLeaderboard: http://fxgl-top.herokuapp.com/
12:12:46.525 [FXGL Background Thread 3 ] DEBUG Engine               - urlPOM: https://raw.githubusercontent.com/AlmasB/FXGL/release/README.md
12:12:46.525 [FXGL Background Thread 3 ] DEBUG Engine               - userAppClass: class leo.skvorc.racinggame.RacingApp
12:12:46.525 [FXGL Background Thread 3 ] DEBUG Engine               - version: 0.0
12:12:46.525 [FXGL Background Thread 3 ] DEBUG Engine               - versionCheckDays: 7
12:12:46.525 [FXGL Background Thread 3 ] DEBUG Engine               - width: 1920
12:12:46.525 [FXGL Background Thread 3 ] DEBUG Engine               - Logging services
12:12:46.525 [FXGL Background Thread 3 ] DEBUG Engine               - class com.almasb.fxgl.app.services.FXGLAssetLoaderService
12:12:46.525 [FXGL Background Thread 3 ] DEBUG Engine               - class com.almasb.fxgl.app.FXGLApplication$GameApplicationService
12:12:46.525 [FXGL Background Thread 3 ] DEBUG Engine               - class com.almasb.fxgl.app.services.FXGLDialogService
12:12:46.525 [FXGL Background Thread 3 ] DEBUG Engine               - class com.almasb.fxgl.app.services.IOTaskExecutorService
12:12:46.525 [FXGL Background Thread 3 ] DEBUG Engine               - class com.almasb.fxgl.io.FileSystemService
12:12:46.525 [FXGL Background Thread 3 ] DEBUG Engine               - class com.almasb.fxgl.localization.LocalizationService
12:12:46.525 [FXGL Background Thread 3 ] DEBUG Engine               - class com.almasb.fxgl.app.services.SystemBundleService
12:12:46.525 [FXGL Background Thread 3 ] DEBUG Engine               - class com.almasb.fxgl.profile.SaveLoadService
12:12:46.525 [FXGL Background Thread 3 ] DEBUG Engine               - class com.almasb.fxgl.ui.FXGLUIFactoryServiceProvider
12:12:46.525 [FXGL Background Thread 3 ] DEBUG Engine               - class com.almasb.fxgl.ui.FXGLDialogFactoryServiceProvider
12:12:46.525 [FXGL Background Thread 3 ] DEBUG Engine               - class com.almasb.fxgl.audio.AudioPlayer
12:12:46.525 [FXGL Background Thread 3 ] DEBUG Engine               - class com.almasb.fxgl.notification.impl.NotificationServiceProvider
12:12:46.525 [FXGL Background Thread 3 ] DEBUG Engine               - class com.almasb.fxgl.achievement.AchievementService
12:12:46.525 [FXGL Background Thread 3 ] DEBUG Engine               - class com.almasb.fxgl.cutscene.CutsceneService
12:12:46.525 [FXGL Background Thread 3 ] DEBUG Engine               - class com.almasb.fxgl.minigames.MiniGameService
12:12:46.526 [FXGL Background Thread 3 ] DEBUG Engine               - class com.almasb.fxgl.net.NetService
12:12:46.526 [FXGL Background Thread 3 ] DEBUG Engine               - class com.almasb.fxgl.app.services.UpdaterService
12:12:46.526 [FXGL Background Thread 3 ] DEBUG Engine               - class com.almasb.fxgl.dev.DevService
12:12:50.318 [JavaFX Application Thread] DEBUG FXGLApplication      - Exiting FXGL
12:12:50.319 [JavaFX Application Thread] DEBUG Async                - Shutting down background threads
12:12:50.319 [JavaFX Application Thread] DEBUG PrimaryStageWindow   - Closing main window
12:12:50.326 [JavaFX Application Thread] DEBUG Logger               - Closing Logger
