12:13:13.123 [main                     ] DEBUG Logger               - Configured Logger
12:13:13.146 [main                     ] DEBUG GameApplication      - Logging settings
Title: Racing game
Version: 0.0
Width: 1920
Height: 1024
Fullscreen: false
Intro: false
Profiling: false
Single step:false
App Mode: DEVELOPER
Menu Key: ESCAPE
Stage Style: DECORATED
Scene Factory: class com.almasb.fxgl.app.scene.SceneFactory

12:13:13.443 [JavaFX Application Thread] DEBUG FXGLApplication      - Initializing FXGL
12:13:13.447 [JavaFX Application Thread] INFO  Engine               - FXGL-17.1 (24.03.2022 17.34) on WINDOWS (J:17.0.4.1 FX:17.0.2-ea)
12:13:13.448 [JavaFX Application Thread] DEBUG Engine               - JRE Vendor Name: Amazon.com Inc.
12:13:13.448 [JavaFX Application Thread] DEBUG Engine               - Running on OS: Windows 10 version 10.0
12:13:13.448 [JavaFX Application Thread] DEBUG Engine               - Architecture: amd64
12:13:13.448 [JavaFX Application Thread] INFO  Engine               - Source code and latest versions at: https://github.com/AlmasB/FXGL
12:13:13.448 [JavaFX Application Thread] INFO  Engine               -       Ask questions and discuss at: https://github.com/AlmasB/FXGL/discussions
12:13:13.448 [JavaFX Application Thread] INFO  Engine               -              Join the FXGL chat at: https://gitter.im/AlmasB/FXGL
12:13:13.508 [JavaFX Application Thread] DEBUG PrimaryStageWindow   - Creating a JavaFX scene
12:13:13.538 [JavaFX Application Thread] DEBUG PrimaryStageWindow   - Target settings size: 1920.0 x 1024.0
12:13:13.539 [JavaFX Application Thread] DEBUG PrimaryStageWindow   - Scaled scene size:    1920.0 x 1024.0
12:13:13.539 [JavaFX Application Thread] DEBUG PrimaryStageWindow   - Scaled ratio: (1.0, 1.0)
12:13:13.540 [JavaFX Application Thread] DEBUG PrimaryStageWindow   - Set initial scene to FXGLStartupScene
12:13:13.544 [JavaFX Application Thread] DEBUG PrimaryStageWindow   - Opening main window
12:13:13.601 [JavaFX Application Thread] DEBUG PrimaryStageWindow   - Window border size: (16.0, 39.0)
12:13:13.602 [JavaFX Application Thread] DEBUG PrimaryStageWindow   - Scaled size: 1920.0 x 1024.0
12:13:13.602 [JavaFX Application Thread] DEBUG PrimaryStageWindow   - Scaled ratio: (1.0, 1.0)
12:13:13.602 [JavaFX Application Thread] DEBUG PrimaryStageWindow   - Scene size: 1920.0 x 1024.0
12:13:13.602 [JavaFX Application Thread] DEBUG PrimaryStageWindow   - Stage size: 1936.0 x 1063.0
12:13:13.608 [FXGL Background Thread 1 ] DEBUG Engine               - Initializing environment variables
12:13:13.635 [FXGL Background Thread 1 ] DEBUG FXGLAssetLoaderServi - User app class for loading assets: class leo.skvorc.racinggame.RacingApp
12:13:13.636 [FXGL Background Thread 1 ] DEBUG GameApplicationServi - Applying CSS: fxgl_dark.css
12:13:13.636 [FXGL Background Thread 1 ] DEBUG FXGLAssetLoaderServi - Loading from file system: jar:file:///C:/Users/lskvo/.m2/repository/com/github/almasb/fxgl/17.1/fxgl-17.1.jar!/fxglassets/ui/css/fxgl_dark.css
12:13:13.671 [FXGL Background Thread 1 ] DEBUG GameApplicationServi - Initializing application scenes
12:13:13.715 [FXGL Background Thread 1 ] DEBUG GameWorld            - Game world initialized
12:13:13.753 [FXGL Background Thread 1 ] DEBUG PhysicsWorld         - Physics world initialized: appHeight=1024, physics.ppm=50.0
12:13:13.753 [FXGL Background Thread 1 ] DEBUG PhysicsWorld         - Using strategy: BRUTE_FORCE
12:13:13.757 [FXGL Background Thread 1 ] DEBUG GameScene            - Game scene initialized: 1920x1024
12:13:13.767 [FXGL Background Thread 1 ] DEBUG FXGL.DefaultMenu     - createMenuBodyGameMenu()
12:13:13.777 [FXGL Background Thread 1 ] DEBUG FXGL.DefaultMenu     - createOptionsMenu()
12:13:13.784 [FXGL Background Thread 1 ] DEBUG FXGLAssetLoaderServi - Loading from file system: jar:file:///C:/Users/lskvo/.m2/repository/com/github/almasb/fxgl/17.1/fxgl-17.1.jar!/fxglassets/textures/particles/smoke.png
12:13:13.844 [FXGL Background Thread 1 ] DEBUG FXGLAssetLoaderServi - Loading from file system: jar:file:///C:/Users/lskvo/.m2/repository/com/github/almasb/fxgl/17.1/fxgl-17.1.jar!/fxglassets/textures/particles/trace_horizontal.png
12:13:13.868 [FXGL Background Thread 1 ] DEBUG GameApplicationServi - Application scenes initialized
12:13:13.877 [FXGL Background Thread 1 ] DEBUG SystemBundleService  - Loading FXGL system data
12:13:13.880 [FXGL Background Thread 1 ] DEBUG FileSystemAccess     - Reading from: C:\Users\lskvo\Documents\Algebra\5 Semestar\Programiranje u Javi 2\Projekt\Racing Game\system\fxgl.bundle
12:13:13.884 [FXGL Background Thread 1 ] DEBUG SystemBundleService  - Bundle FXGL: {}
12:13:13.885 [FXGL Background Thread 1 ] DEBUG UpdaterService       - Checking for updates
12:13:13.887 [FXGL Background Thread 4 ] DEBUG FXGLApplication      - Loading fonts
12:13:13.887 [FXGL Background Thread 1 ] DEBUG FXGLApplication      - Loading default localization
12:13:13.888 [FXGL Background Thread 4 ] DEBUG FXGLAssetLoaderServi - Loading from file system: jar:file:///C:/Users/lskvo/.m2/repository/com/github/almasb/fxgl/17.1/fxgl-17.1.jar!/fxglassets/ui/fonts/VarelaRound-Regular.ttf
12:13:13.888 [FXGL Background Thread 1 ] DEBUG FXGLAssetLoaderServi - Loading from file system: jar:file:///C:/Users/lskvo/.m2/repository/com/github/almasb/fxgl/17.1/fxgl-17.1.jar!/fxglassets/languages/english.lang
12:13:13.903 [FXGL Background Thread 1 ] INFO  FXGLApplication      - FXGL initialization took: 0.295 sec
12:13:13.913 [JavaFX Application Thread] DEBUG Input                - Registered new binding: action0 - W
12:13:13.913 [JavaFX Application Thread] DEBUG Input                - Registered new binding: action1 - S
12:13:13.914 [JavaFX Application Thread] DEBUG Input                - Registered new binding: action2 - A
12:13:13.914 [JavaFX Application Thread] DEBUG Input                - Registered new binding: action3 - D
12:13:13.914 [JavaFX Application Thread] DEBUG Input                - Registered new binding: action4 - Up
12:13:13.914 [JavaFX Application Thread] DEBUG Input                - Registered new binding: action5 - Down
12:13:13.915 [JavaFX Application Thread] DEBUG Input                - Registered new binding: action6 - Left
12:13:13.915 [JavaFX Application Thread] DEBUG Input                - Registered new binding: action7 - Right
12:13:13.916 [JavaFX Application Thread] DEBUG FXGLAssetLoaderServi - Loading from file system: jar:file:///C:/Users/lskvo/.m2/repository/com/github/almasb/fxgl/17.1/fxgl-17.1.jar!/fxglassets/textures/fxgl_icon.png
12:13:13.942 [JavaFX Application Thread] DEBUG FXGLAssetLoaderServi - Loading from file system: jar:file:///C:/Users/lskvo/.m2/repository/com/github/almasb/fxgl/17.1/fxgl-17.1.jar!/fxglassets/textures/fxgl_default_cursor.png
12:13:13.945 [JavaFX Application Thread] DEBUG Input                - Registered new binding: Screenshot - CTRL+8
12:13:13.946 [JavaFX Application Thread] DEBUG Input                - Registered new binding: System info dump - CTRL+9
12:13:13.946 [JavaFX Application Thread] DEBUG Input                - Registered new binding: Restart - CTRL+R
12:13:13.948 [JavaFX Application Thread] DEBUG Input                - Registered new binding: Toggle Debug Camera - CTRL+7
12:13:13.950 [JavaFX Application Thread] DEBUG LoopRunner           - Starting loop
12:13:13.950 [JavaFX Application Thread] DEBUG LoopRunner           - Initializing JavaFX AnimationTimerLoop
12:13:13.952 [JavaFX Application Thread] DEBUG GameApplicationServi - Starting new game
12:13:13.952 [JavaFX Application Thread] DEBUG Input                - Clearing active input actions
12:13:13.957 [FXGL Background Thread 4 ] DEBUG FXGLAssetLoaderServi - Loading from file system: jar:file:///C:/Users/lskvo/.m2/repository/com/github/almasb/fxgl/17.1/fxgl-17.1.jar!/fxglassets/ui/fonts/Abel-Regular.ttf
12:13:13.967 [JavaFX Application Thread] DEBUG GameApplicationServi - Removing overlay from FXGLStartupScene and adding to FXGLLoadingScene
12:13:13.968 [JavaFX Application Thread] DEBUG PrimaryStageWindow   - FXGLStartupScene -> FXGLLoadingScene
12:13:13.968 [JavaFX Application Thread] DEBUG GameApplicationServi - Clearing previous game
12:13:13.968 [JavaFX Application Thread] DEBUG GameScene            - Clearing game scene
12:13:13.968 [FXGL Background Thread 4 ] DEBUG FXGLAssetLoaderServi - Loading from file system: jar:file:///C:/Users/lskvo/.m2/repository/com/github/almasb/fxgl/17.1/fxgl-17.1.jar!/fxglassets/ui/fonts/TerminalLandMono-Regular.otf
12:13:13.968 [JavaFX Application Thread] DEBUG GameWorld            - Clearing game world
12:13:13.968 [JavaFX Application Thread] DEBUG PhysicsWorld         - Clearing physics world
12:13:13.971 [FXGL Background Thread 1 ] DEBUG FXGLApplication      - Initializing game
12:13:13.978 [FXGL Background Thread 4 ] DEBUG FXGLAssetLoaderServi - Loading from file system: jar:file:///C:/Users/lskvo/.m2/repository/com/github/almasb/fxgl/17.1/fxgl-17.1.jar!/fxglassets/ui/fonts/Courier-Prime.ttf
12:13:14.015 [JavaFX Application Thread] DEBUG FXGLApplication      - Registering font factories with UI factory
12:13:14.035 [FXGL Background Thread 1 ] WARN  TMXLevelLoader       - TiledMap generated from 1.9.2. Supported version: 1.4.2. Some features may not be parsed fully.
12:13:14.048 [FXGL Background Thread 1 ] DEBUG TMXLevelLoader       - Parsed TiledMap: file:/C:/Users/lskvo/Documents/Algebra/5%20Semestar/Programiranje%20u%20Javi%202/Projekt/Racing%20Game/target/classes/assets/levels/tmx/track2.tmx
12:13:14.053 [FXGL Background Thread 1 ] DEBUG TMXLevelLoader       - Creating tile layer entities
12:13:14.056 [FXGL Background Thread 1 ] DEBUG TilesetLoader        - Loading view for layer Tile Layer 1
12:13:14.060 [FXGL Background Thread 1 ] DEBUG TilesetLoader        - Created buffer with size 1920.0x1024.0
12:13:14.140 [FXGL Background Thread 1 ] DEBUG TilesetLoader        - Loading view for layer Tile Layer 2
12:13:14.142 [FXGL Background Thread 1 ] DEBUG TilesetLoader        - Created buffer with size 1920.0x1024.0
12:13:14.144 [FXGL Background Thread 1 ] DEBUG TMXLevelLoader       - Creating object layer entities
12:13:14.164 [FXGL Background Thread 1 ] DEBUG GameWorld            - Clearing removable entities
12:13:14.165 [FXGL Background Thread 1 ] DEBUG GameWorld            - Setting level: com.almasb.fxgl.entity.level.Level@4e5f7a00
12:13:14.173 [FXGL Background Thread 1 ] DEBUG FXGLAssetLoaderServi - Loading from file system: file:/C:/Users/lskvo/Documents/Algebra/5%20Semestar/Programiranje%20u%20Javi%202/Projekt/Racing%20Game/target/classes/assets/textures/carGREEN.png
12:13:14.174 [FXGL Background Thread 1 ] WARN  GameWorld            - Entity is already attached to world
12:13:14.175 [FXGL Background Thread 1 ] DEBUG FXGLAssetLoaderServi - Loading from file system: file:/C:/Users/lskvo/Documents/Algebra/5%20Semestar/Programiranje%20u%20Javi%202/Projekt/Racing%20Game/target/classes/assets/textures/carBLACK.png
12:13:14.175 [FXGL Background Thread 1 ] WARN  GameWorld            - Entity is already attached to world
12:13:14.176 [FXGL Background Thread 1 ] DEBUG FXGLAssetLoaderServi - Loading from file system: file:/C:/Users/lskvo/Documents/Algebra/5%20Semestar/Programiranje%20u%20Javi%202/Projekt/Racing%20Game/target/classes/assets/music/avalanche.mp3
12:13:14.274 [FXGL Background Thread 2 ] INFO  UpdaterService       - Your current version:  17.1
12:13:14.274 [FXGL Background Thread 2 ] INFO  UpdaterService       - Latest stable version: 17.2
12:13:14.304 [FXGL Background Thread 1 ] DEBUG AudioPlayer          - Playing music com.almasb.fxgl.audio.Music@1aaa3988
12:13:14.305 [FXGL Background Thread 1 ] INFO  FXGLApplication      - Game initialization took: 0.334 sec
12:13:14.306 [JavaFX Application Thread] DEBUG Input                - Clearing active input actions
12:13:14.312 [JavaFX Application Thread] DEBUG GameApplicationServi - Removing overlay from FXGLLoadingScene and adding to GameScene
12:13:14.313 [JavaFX Application Thread] DEBUG PrimaryStageWindow   - FXGLLoadingScene -> GameScene
12:13:16.887 [FXGL Background Thread 3 ] DEBUG Engine               - Logging environment variables
12:13:16.887 [FXGL Background Thread 3 ] DEBUG Engine               - achievements: []
12:13:16.887 [FXGL Background Thread 3 ] DEBUG Engine               - actualHeight: 1024.0
12:13:16.887 [FXGL Background Thread 3 ] DEBUG Engine               - actualHeightProperty: ReadOnlyDoubleProperty [value: 1024.0]
12:13:16.888 [FXGL Background Thread 3 ] DEBUG Engine               - actualWidth: 1920.0
12:13:16.888 [FXGL Background Thread 3 ] DEBUG Engine               - actualWidthProperty: ReadOnlyDoubleProperty [value: 1920.0]
12:13:16.888 [FXGL Background Thread 3 ] DEBUG Engine               - appIcon: fxgl_icon.png
12:13:16.888 [FXGL Background Thread 3 ] DEBUG Engine               - applicationMode: DEVELOPER
12:13:16.888 [FXGL Background Thread 3 ] DEBUG Engine               - cSSList: [fxgl_dark.css]
12:13:16.888 [FXGL Background Thread 3 ] DEBUG Engine               - collisionDetectionStrategy: BRUTE_FORCE
12:13:16.888 [FXGL Background Thread 3 ] DEBUG Engine               - configClass: Optional.empty
12:13:16.888 [FXGL Background Thread 3 ] DEBUG Engine               - credits: []
12:13:16.888 [FXGL Background Thread 3 ] DEBUG Engine               - defaultCursor: CursorInfo(imageName=fxgl_default_cursor.png, hotspotX=7.0, hotspotY=6.0)
12:13:16.888 [FXGL Background Thread 3 ] DEBUG Engine               - devBBoxColorProperty: ObjectProperty [value: 0xff0000ff]
12:13:16.888 [FXGL Background Thread 3 ] DEBUG Engine               - devEnableDebugCameraProperty: BooleanProperty [value: false]
12:13:16.888 [FXGL Background Thread 3 ] DEBUG Engine               - devSensorColorProperty: ObjectProperty [value: 0xffff00ff]
12:13:16.888 [FXGL Background Thread 3 ] DEBUG Engine               - devShowBBoxProperty: BooleanProperty [value: false]
12:13:16.888 [FXGL Background Thread 3 ] DEBUG Engine               - devShowPositionProperty: BooleanProperty [value: false]
12:13:16.888 [FXGL Background Thread 3 ] DEBUG Engine               - enabledMenuItems: []
12:13:16.888 [FXGL Background Thread 3 ] DEBUG Engine               - engineServices: [class com.almasb.fxgl.app.services.FXGLAssetLoaderService, class com.almasb.fxgl.app.FXGLApplication$GameApplicationService, class com.almasb.fxgl.app.services.FXGLDialogService, class com.almasb.fxgl.app.services.IOTaskExecutorService, class com.almasb.fxgl.io.FileSystemService, class com.almasb.fxgl.localization.LocalizationService, class com.almasb.fxgl.app.services.SystemBundleService, class com.almasb.fxgl.profile.SaveLoadService, class com.almasb.fxgl.ui.FXGLUIFactoryServiceProvider, class com.almasb.fxgl.ui.FXGLDialogFactoryServiceProvider, class com.almasb.fxgl.audio.AudioPlayer, class com.almasb.fxgl.notification.impl.NotificationServiceProvider, class com.almasb.fxgl.achievement.AchievementService, class com.almasb.fxgl.cutscene.CutsceneService, class com.almasb.fxgl.minigames.MiniGameService, class com.almasb.fxgl.net.NetService, class com.almasb.fxgl.app.services.UpdaterService, class com.almasb.fxgl.dev.DevService]
12:13:16.888 [FXGL Background Thread 3 ] DEBUG Engine               - fontGame: Abel-Regular.ttf
12:13:16.889 [FXGL Background Thread 3 ] DEBUG Engine               - fontMono: TerminalLandMono-Regular.otf
12:13:16.889 [FXGL Background Thread 3 ] DEBUG Engine               - fontText: Courier-Prime.ttf
12:13:16.889 [FXGL Background Thread 3 ] DEBUG Engine               - fontUI: VarelaRound-Regular.ttf
12:13:16.889 [FXGL Background Thread 3 ] DEBUG Engine               - fullScreen: BooleanProperty [value: true]
12:13:16.889 [FXGL Background Thread 3 ] DEBUG Engine               - gameDifficulty: MEDIUM
12:13:16.889 [FXGL Background Thread 3 ] DEBUG Engine               - gameDifficultyProperty: ObjectProperty [value: MEDIUM]
12:13:16.889 [FXGL Background Thread 3 ] DEBUG Engine               - globalMusicVolume: 0.5
12:13:16.889 [FXGL Background Thread 3 ] DEBUG Engine               - globalMusicVolumeProperty: DoubleProperty [value: 0.5]
12:13:16.889 [FXGL Background Thread 3 ] DEBUG Engine               - globalSoundVolume: 0.5
12:13:16.889 [FXGL Background Thread 3 ] DEBUG Engine               - globalSoundVolumeProperty: DoubleProperty [value: 0.5]
12:13:16.889 [FXGL Background Thread 3 ] DEBUG Engine               - height: 1024
12:13:16.889 [FXGL Background Thread 3 ] DEBUG Engine               - is3D: false
12:13:16.889 [FXGL Background Thread 3 ] DEBUG Engine               - isAndroid: false
12:13:16.889 [FXGL Background Thread 3 ] DEBUG Engine               - isBrowser: false
12:13:16.889 [FXGL Background Thread 3 ] DEBUG Engine               - isClickFeedbackEnabled: false
12:13:16.889 [FXGL Background Thread 3 ] DEBUG Engine               - isCloseConfirmation: false
12:13:16.889 [FXGL Background Thread 3 ] DEBUG Engine               - isDesktop: true
12:13:16.889 [FXGL Background Thread 3 ] DEBUG Engine               - isDeveloperMenuEnabled: false
12:13:16.889 [FXGL Background Thread 3 ] DEBUG Engine               - isEmbedded: false
12:13:16.889 [FXGL Background Thread 3 ] DEBUG Engine               - isEntityPreloadEnabled: true
12:13:16.889 [FXGL Background Thread 3 ] DEBUG Engine               - isExperimentalTiledLargeMap: false
12:13:16.889 [FXGL Background Thread 3 ] DEBUG Engine               - isFileSystemWriteAllowed: true
12:13:16.889 [FXGL Background Thread 3 ] DEBUG Engine               - isFullScreenAllowed: false
12:13:16.889 [FXGL Background Thread 3 ] DEBUG Engine               - isFullScreenFromStart: true
12:13:16.889 [FXGL Background Thread 3 ] DEBUG Engine               - isGameMenuEnabled: true
12:13:16.890 [FXGL Background Thread 3 ] DEBUG Engine               - isIOS: false
12:13:16.890 [FXGL Background Thread 3 ] DEBUG Engine               - isIntroEnabled: false
12:13:16.890 [FXGL Background Thread 3 ] DEBUG Engine               - isLinux: false
12:13:16.890 [FXGL Background Thread 3 ] DEBUG Engine               - isMac: false
12:13:16.890 [FXGL Background Thread 3 ] DEBUG Engine               - isMainMenuEnabled: false
12:13:16.890 [FXGL Background Thread 3 ] DEBUG Engine               - isManualResizeEnabled: false
12:13:16.890 [FXGL Background Thread 3 ] DEBUG Engine               - isMobile: false
12:13:16.890 [FXGL Background Thread 3 ] DEBUG Engine               - isNative: false
12:13:16.890 [FXGL Background Thread 3 ] DEBUG Engine               - isPauseMusicWhenMinimized: true
12:13:16.890 [FXGL Background Thread 3 ] DEBUG Engine               - isPreserveResizeRatio: false
12:13:16.890 [FXGL Background Thread 3 ] DEBUG Engine               - isProfilingEnabled: false
12:13:16.890 [FXGL Background Thread 3 ] DEBUG Engine               - isScaleAffectedOnResize: true
12:13:16.890 [FXGL Background Thread 3 ] DEBUG Engine               - isSingleStep: false
12:13:16.890 [FXGL Background Thread 3 ] DEBUG Engine               - isUserProfileEnabled: false
12:13:16.890 [FXGL Background Thread 3 ] DEBUG Engine               - isWindows: true
12:13:16.890 [FXGL Background Thread 3 ] DEBUG Engine               - language: ObjectProperty [value: ENGLISH]
12:13:16.890 [FXGL Background Thread 3 ] DEBUG Engine               - menuKey: ESCAPE
12:13:16.890 [FXGL Background Thread 3 ] DEBUG Engine               - mouseSensitivity: 0.2
12:13:16.890 [FXGL Background Thread 3 ] DEBUG Engine               - notificationViewClass: class com.almasb.fxgl.notification.view.XboxNotificationView
12:13:16.890 [FXGL Background Thread 3 ] DEBUG Engine               - pixelsPerMeter: 50.0
12:13:16.890 [FXGL Background Thread 3 ] DEBUG Engine               - platform: WINDOWS
12:13:16.890 [FXGL Background Thread 3 ] DEBUG Engine               - prefHeightProperty: ReadOnlyDoubleProperty [value: 1024.0]
12:13:16.890 [FXGL Background Thread 3 ] DEBUG Engine               - prefWidthProperty: ReadOnlyDoubleProperty [value: 1920.0]
12:13:16.890 [FXGL Background Thread 3 ] DEBUG Engine               - profileDir: profiles/
12:13:16.890 [FXGL Background Thread 3 ] DEBUG Engine               - profileName: StringProperty [value: DEFAULT]
12:13:16.890 [FXGL Background Thread 3 ] DEBUG Engine               - randomSeed: -1
12:13:16.890 [FXGL Background Thread 3 ] DEBUG Engine               - runtimeInfo: RuntimeInfo(platform=WINDOWS, version=17.1, build=24.03.2022 17.34)
12:13:16.890 [FXGL Background Thread 3 ] DEBUG Engine               - saveFileExt: sav
12:13:16.890 [FXGL Background Thread 3 ] DEBUG Engine               - scaledHeightProp$fxgl: DoubleProperty [bound, value: 1024.0]
12:13:16.890 [FXGL Background Thread 3 ] DEBUG Engine               - scaledWidthProp$fxgl: DoubleProperty [bound, value: 1920.0]
12:13:16.891 [FXGL Background Thread 3 ] DEBUG Engine               - sceneFactory: com.almasb.fxgl.app.scene.SceneFactory@5e5c9936
12:13:16.891 [FXGL Background Thread 3 ] DEBUG Engine               - secondsIn24h: 60
12:13:16.891 [FXGL Background Thread 3 ] DEBUG Engine               - soundMenuBack: menu/back.wav
12:13:16.891 [FXGL Background Thread 3 ] DEBUG Engine               - soundMenuPress: menu/press.wav
12:13:16.891 [FXGL Background Thread 3 ] DEBUG Engine               - soundMenuSelect: menu/select.wav
12:13:16.891 [FXGL Background Thread 3 ] DEBUG Engine               - soundNotification: core/notification.wav
12:13:16.891 [FXGL Background Thread 3 ] DEBUG Engine               - stageStyle: DECORATED
12:13:16.891 [FXGL Background Thread 3 ] DEBUG Engine               - supportedLanguages: [ENGLISH, FRENCH, GERMAN, HUNGARIAN, RUSSIAN]
12:13:16.891 [FXGL Background Thread 3 ] DEBUG Engine               - ticksPerSecond: -1
12:13:16.891 [FXGL Background Thread 3 ] DEBUG Engine               - title: Racing game
12:13:16.891 [FXGL Background Thread 3 ] DEBUG Engine               - urlGithub: https://github.com/AlmasB/FXGL
12:13:16.891 [FXGL Background Thread 3 ] DEBUG Engine               - urlLeaderboard: http://fxgl-top.herokuapp.com/
12:13:16.891 [FXGL Background Thread 3 ] DEBUG Engine               - urlPOM: https://raw.githubusercontent.com/AlmasB/FXGL/release/README.md
12:13:16.891 [FXGL Background Thread 3 ] DEBUG Engine               - userAppClass: class leo.skvorc.racinggame.RacingApp
12:13:16.891 [FXGL Background Thread 3 ] DEBUG Engine               - version: 0.0
12:13:16.891 [FXGL Background Thread 3 ] DEBUG Engine               - versionCheckDays: 7
12:13:16.891 [FXGL Background Thread 3 ] DEBUG Engine               - width: 1920
12:13:16.891 [FXGL Background Thread 3 ] DEBUG Engine               - Logging services
12:13:16.891 [FXGL Background Thread 3 ] DEBUG Engine               - class com.almasb.fxgl.app.services.FXGLAssetLoaderService
12:13:16.891 [FXGL Background Thread 3 ] DEBUG Engine               - class com.almasb.fxgl.app.FXGLApplication$GameApplicationService
12:13:16.891 [FXGL Background Thread 3 ] DEBUG Engine               - class com.almasb.fxgl.app.services.FXGLDialogService
12:13:16.891 [FXGL Background Thread 3 ] DEBUG Engine               - class com.almasb.fxgl.app.services.IOTaskExecutorService
12:13:16.891 [FXGL Background Thread 3 ] DEBUG Engine               - class com.almasb.fxgl.io.FileSystemService
12:13:16.891 [FXGL Background Thread 3 ] DEBUG Engine               - class com.almasb.fxgl.localization.LocalizationService
12:13:16.891 [FXGL Background Thread 3 ] DEBUG Engine               - class com.almasb.fxgl.app.services.SystemBundleService
12:13:16.891 [FXGL Background Thread 3 ] DEBUG Engine               - class com.almasb.fxgl.profile.SaveLoadService
12:13:16.891 [FXGL Background Thread 3 ] DEBUG Engine               - class com.almasb.fxgl.ui.FXGLUIFactoryServiceProvider
12:13:16.891 [FXGL Background Thread 3 ] DEBUG Engine               - class com.almasb.fxgl.ui.FXGLDialogFactoryServiceProvider
12:13:16.891 [FXGL Background Thread 3 ] DEBUG Engine               - class com.almasb.fxgl.audio.AudioPlayer
12:13:16.891 [FXGL Background Thread 3 ] DEBUG Engine               - class com.almasb.fxgl.notification.impl.NotificationServiceProvider
12:13:16.891 [FXGL Background Thread 3 ] DEBUG Engine               - class com.almasb.fxgl.achievement.AchievementService
12:13:16.891 [FXGL Background Thread 3 ] DEBUG Engine               - class com.almasb.fxgl.cutscene.CutsceneService
12:13:16.891 [FXGL Background Thread 3 ] DEBUG Engine               - class com.almasb.fxgl.minigames.MiniGameService
12:13:16.891 [FXGL Background Thread 3 ] DEBUG Engine               - class com.almasb.fxgl.net.NetService
12:13:16.891 [FXGL Background Thread 3 ] DEBUG Engine               - class com.almasb.fxgl.app.services.UpdaterService
12:13:16.891 [FXGL Background Thread 3 ] DEBUG Engine               - class com.almasb.fxgl.dev.DevService
12:13:19.196 [JavaFX Application Thread] DEBUG PrimaryStageWindow   - Push state: DialogSubScene
12:13:19.197 [JavaFX Application Thread] DEBUG Input                - Clearing active input actions
12:13:19.199 [JavaFX Application Thread] DEBUG GameApplicationServi - Removing overlay from GameScene and adding to DialogSubScene
12:13:19.199 [JavaFX Application Thread] DEBUG PrimaryStageWindow   - GameScene -> DialogSubScene
12:13:21.011 [JavaFX Application Thread] DEBUG PrimaryStageWindow   - Pop state: DialogSubScene
12:13:21.011 [JavaFX Application Thread] DEBUG Input                - Clearing active input actions
12:13:21.012 [JavaFX Application Thread] DEBUG GameApplicationServi - Removing overlay from DialogSubScene and adding to GameScene
12:13:21.012 [JavaFX Application Thread] DEBUG PrimaryStageWindow   - GameScene <- DialogSubScene
12:13:21.014 [JavaFX Application Thread] DEBUG GameApplicationServi - Starting new game
12:13:21.014 [JavaFX Application Thread] DEBUG Input                - Clearing active input actions
12:13:21.017 [JavaFX Application Thread] DEBUG GameApplicationServi - Removing overlay from GameScene and adding to FXGLLoadingScene
12:13:21.017 [JavaFX Application Thread] DEBUG PrimaryStageWindow   - GameScene -> FXGLLoadingScene
12:13:21.017 [JavaFX Application Thread] DEBUG GameApplicationServi - Clearing previous game
12:13:21.017 [JavaFX Application Thread] DEBUG GameScene            - Clearing game scene
12:13:21.017 [JavaFX Application Thread] DEBUG GameWorld            - Clearing game world
12:13:21.019 [JavaFX Application Thread] DEBUG PhysicsWorld         - Clearing physics world
12:13:21.020 [FXGL Background Thread 1 ] DEBUG FXGLApplication      - Initializing game
12:13:21.026 [FXGL Background Thread 1 ] WARN  TMXLevelLoader       - TiledMap generated from 1.9.2. Supported version: 1.4.2. Some features may not be parsed fully.
12:13:21.028 [FXGL Background Thread 1 ] DEBUG TMXLevelLoader       - Parsed TiledMap: file:/C:/Users/lskvo/Documents/Algebra/5%20Semestar/Programiranje%20u%20Javi%202/Projekt/Racing%20Game/target/classes/assets/levels/tmx/track2.tmx
12:13:21.028 [FXGL Background Thread 1 ] DEBUG TMXLevelLoader       - Creating tile layer entities
12:13:21.028 [FXGL Background Thread 1 ] DEBUG TilesetLoader        - Loading view for layer Tile Layer 1
12:13:21.030 [FXGL Background Thread 1 ] DEBUG TilesetLoader        - Created buffer with size 1920.0x1024.0
12:13:21.077 [FXGL Background Thread 1 ] DEBUG TilesetLoader        - Loading view for layer Tile Layer 2
12:13:21.079 [FXGL Background Thread 1 ] DEBUG TilesetLoader        - Created buffer with size 1920.0x1024.0
12:13:21.080 [FXGL Background Thread 1 ] DEBUG TMXLevelLoader       - Creating object layer entities
12:13:21.086 [FXGL Background Thread 1 ] DEBUG GameWorld            - Clearing removable entities
12:13:21.086 [FXGL Background Thread 1 ] DEBUG GameWorld            - Setting level: com.almasb.fxgl.entity.level.Level@37acdc17
12:13:21.087 [FXGL Background Thread 1 ] WARN  GameWorld            - Entity is already attached to world
12:13:21.087 [FXGL Background Thread 1 ] WARN  GameWorld            - Entity is already attached to world
12:13:21.088 [FXGL Background Thread 1 ] DEBUG AudioPlayer          - Playing music com.almasb.fxgl.audio.Music@1aaa3988
12:13:21.088 [FXGL Background Thread 1 ] INFO  FXGLApplication      - Game initialization took: 0.068 sec
12:13:21.092 [JavaFX Application Thread] DEBUG Input                - Clearing active input actions
12:13:21.095 [JavaFX Application Thread] DEBUG GameApplicationServi - Removing overlay from FXGLLoadingScene and adding to GameScene
12:13:21.096 [JavaFX Application Thread] DEBUG PrimaryStageWindow   - FXGLLoadingScene -> GameScene
12:13:25.099 [JavaFX Application Thread] DEBUG PrimaryStageWindow   - Push state: DialogSubScene
12:13:25.099 [JavaFX Application Thread] DEBUG Input                - Clearing active input actions
12:13:25.100 [JavaFX Application Thread] DEBUG GameApplicationServi - Removing overlay from GameScene and adding to DialogSubScene
12:13:25.100 [JavaFX Application Thread] DEBUG PrimaryStageWindow   - GameScene -> DialogSubScene
12:13:26.147 [JavaFX Application Thread] DEBUG PrimaryStageWindow   - Pop state: DialogSubScene
12:13:26.147 [JavaFX Application Thread] DEBUG Input                - Clearing active input actions
12:13:26.147 [JavaFX Application Thread] DEBUG GameApplicationServi - Removing overlay from DialogSubScene and adding to GameScene
12:13:26.147 [JavaFX Application Thread] DEBUG PrimaryStageWindow   - GameScene <- DialogSubScene
12:13:26.148 [JavaFX Application Thread] DEBUG GameApplicationServi - Starting new game
12:13:26.148 [JavaFX Application Thread] DEBUG Input                - Clearing active input actions
12:13:26.150 [JavaFX Application Thread] DEBUG GameApplicationServi - Removing overlay from GameScene and adding to FXGLLoadingScene
12:13:26.151 [JavaFX Application Thread] DEBUG PrimaryStageWindow   - GameScene -> FXGLLoadingScene
12:13:26.151 [JavaFX Application Thread] DEBUG GameApplicationServi - Clearing previous game
12:13:26.151 [JavaFX Application Thread] DEBUG GameScene            - Clearing game scene
12:13:26.151 [JavaFX Application Thread] DEBUG GameWorld            - Clearing game world
12:13:26.152 [JavaFX Application Thread] DEBUG PhysicsWorld         - Clearing physics world
12:13:26.152 [FXGL Background Thread 1 ] DEBUG FXGLApplication      - Initializing game
12:13:26.159 [FXGL Background Thread 1 ] WARN  TMXLevelLoader       - TiledMap generated from 1.9.2. Supported version: 1.4.2. Some features may not be parsed fully.
12:13:26.161 [FXGL Background Thread 1 ] DEBUG TMXLevelLoader       - Parsed TiledMap: file:/C:/Users/lskvo/Documents/Algebra/5%20Semestar/Programiranje%20u%20Javi%202/Projekt/Racing%20Game/target/classes/assets/levels/tmx/track2.tmx
12:13:26.161 [FXGL Background Thread 1 ] DEBUG TMXLevelLoader       - Creating tile layer entities
12:13:26.161 [FXGL Background Thread 1 ] DEBUG TilesetLoader        - Loading view for layer Tile Layer 1
12:13:26.163 [FXGL Background Thread 1 ] DEBUG TilesetLoader        - Created buffer with size 1920.0x1024.0
12:13:26.210 [FXGL Background Thread 1 ] DEBUG TilesetLoader        - Loading view for layer Tile Layer 2
12:13:26.214 [FXGL Background Thread 1 ] DEBUG TilesetLoader        - Created buffer with size 1920.0x1024.0
12:13:26.215 [FXGL Background Thread 1 ] DEBUG TMXLevelLoader       - Creating object layer entities
12:13:26.219 [FXGL Background Thread 1 ] DEBUG GameWorld            - Clearing removable entities
12:13:26.219 [FXGL Background Thread 1 ] DEBUG GameWorld            - Setting level: com.almasb.fxgl.entity.level.Level@392839a3
12:13:26.220 [FXGL Background Thread 1 ] WARN  GameWorld            - Entity is already attached to world
12:13:26.220 [FXGL Background Thread 1 ] WARN  GameWorld            - Entity is already attached to world
12:13:26.220 [FXGL Background Thread 1 ] DEBUG AudioPlayer          - Playing music com.almasb.fxgl.audio.Music@1aaa3988
12:13:26.220 [FXGL Background Thread 1 ] INFO  FXGLApplication      - Game initialization took: 0.068 sec
12:13:26.227 [JavaFX Application Thread] DEBUG Input                - Clearing active input actions
12:13:26.230 [JavaFX Application Thread] DEBUG GameApplicationServi - Removing overlay from FXGLLoadingScene and adding to GameScene
12:13:26.230 [JavaFX Application Thread] DEBUG PrimaryStageWindow   - FXGLLoadingScene -> GameScene
12:13:29.628 [JavaFX Application Thread] DEBUG PrimaryStageWindow   - Push state: DialogSubScene
12:13:29.628 [JavaFX Application Thread] DEBUG Input                - Clearing active input actions
12:13:29.628 [JavaFX Application Thread] DEBUG GameApplicationServi - Removing overlay from GameScene and adding to DialogSubScene
12:13:29.628 [JavaFX Application Thread] DEBUG PrimaryStageWindow   - GameScene -> DialogSubScene
12:13:30.760 [JavaFX Application Thread] DEBUG PrimaryStageWindow   - Pop state: DialogSubScene
12:13:30.760 [JavaFX Application Thread] DEBUG Input                - Clearing active input actions
12:13:30.760 [JavaFX Application Thread] DEBUG GameApplicationServi - Removing overlay from DialogSubScene and adding to GameScene
12:13:30.760 [JavaFX Application Thread] DEBUG PrimaryStageWindow   - GameScene <- DialogSubScene
12:13:30.761 [JavaFX Application Thread] DEBUG GameApplicationServi - Starting new game
12:13:30.761 [JavaFX Application Thread] DEBUG Input                - Clearing active input actions
12:13:30.763 [JavaFX Application Thread] DEBUG GameApplicationServi - Removing overlay from GameScene and adding to FXGLLoadingScene
12:13:30.764 [JavaFX Application Thread] DEBUG PrimaryStageWindow   - GameScene -> FXGLLoadingScene
12:13:30.764 [JavaFX Application Thread] DEBUG GameApplicationServi - Clearing previous game
12:13:30.764 [JavaFX Application Thread] DEBUG GameScene            - Clearing game scene
12:13:30.764 [JavaFX Application Thread] DEBUG GameWorld            - Clearing game world
12:13:30.764 [JavaFX Application Thread] DEBUG PhysicsWorld         - Clearing physics world
12:13:30.765 [FXGL Background Thread 1 ] DEBUG FXGLApplication      - Initializing game
12:13:30.771 [FXGL Background Thread 1 ] WARN  TMXLevelLoader       - TiledMap generated from 1.9.2. Supported version: 1.4.2. Some features may not be parsed fully.
12:13:30.772 [FXGL Background Thread 1 ] DEBUG TMXLevelLoader       - Parsed TiledMap: file:/C:/Users/lskvo/Documents/Algebra/5%20Semestar/Programiranje%20u%20Javi%202/Projekt/Racing%20Game/target/classes/assets/levels/tmx/track2.tmx
12:13:30.772 [FXGL Background Thread 1 ] DEBUG TMXLevelLoader       - Creating tile layer entities
12:13:30.773 [FXGL Background Thread 1 ] DEBUG TilesetLoader        - Loading view for layer Tile Layer 1
12:13:30.775 [FXGL Background Thread 1 ] DEBUG TilesetLoader        - Created buffer with size 1920.0x1024.0
12:13:30.818 [FXGL Background Thread 1 ] DEBUG TilesetLoader        - Loading view for layer Tile Layer 2
12:13:30.821 [FXGL Background Thread 1 ] DEBUG TilesetLoader        - Created buffer with size 1920.0x1024.0
12:13:30.821 [FXGL Background Thread 1 ] DEBUG TMXLevelLoader       - Creating object layer entities
12:13:30.824 [FXGL Background Thread 1 ] DEBUG GameWorld            - Clearing removable entities
12:13:30.824 [FXGL Background Thread 1 ] DEBUG GameWorld            - Setting level: com.almasb.fxgl.entity.level.Level@42702c06
12:13:30.825 [FXGL Background Thread 1 ] WARN  GameWorld            - Entity is already attached to world
12:13:30.825 [FXGL Background Thread 1 ] WARN  GameWorld            - Entity is already attached to world
12:13:30.825 [FXGL Background Thread 1 ] DEBUG AudioPlayer          - Playing music com.almasb.fxgl.audio.Music@1aaa3988
12:13:30.825 [FXGL Background Thread 1 ] INFO  FXGLApplication      - Game initialization took: 0.061 sec
12:13:30.826 [JavaFX Application Thread] DEBUG Input                - Clearing active input actions
12:13:30.828 [JavaFX Application Thread] DEBUG GameApplicationServi - Removing overlay from FXGLLoadingScene and adding to GameScene
12:13:30.828 [JavaFX Application Thread] DEBUG PrimaryStageWindow   - FXGLLoadingScene -> GameScene
12:13:32.911 [JavaFX Application Thread] DEBUG FXGLApplication      - Exiting FXGL
12:13:32.911 [JavaFX Application Thread] DEBUG LoopRunner           - Stopping loop
12:13:32.912 [JavaFX Application Thread] DEBUG SystemBundleService  - Saving FXGL system data
12:13:32.913 [JavaFX Application Thread] DEBUG FileSystemAccess     - Writing to: C:\Users\lskvo\Documents\Algebra\5 Semestar\Programiranje u Javi 2\Projekt\Racing Game\system\fxgl.bundle
12:13:32.913 [JavaFX Application Thread] DEBUG Async                - Shutting down background threads
12:13:32.913 [JavaFX Application Thread] DEBUG PrimaryStageWindow   - Closing main window
12:13:32.921 [JavaFX Application Thread] DEBUG Logger               - Closing Logger
