12:12:11.030 [main                     ] DEBUG Logger               - Configured Logger
12:12:11.058 [main                     ] DEBUG GameApplication      - Logging settings
Title: Racing game
Version: 0.0
Width: 1920
Height: 1024
Fullscreen: false
Intro: false
Profiling: false
Single step:false
App Mode: DEVELOPER
Menu Key: ESCAPE
Stage Style: DECORATED
Scene Factory: class com.almasb.fxgl.app.scene.SceneFactory

12:12:11.366 [JavaFX Application Thread] DEBUG FXGLApplication      - Initializing FXGL
12:12:11.370 [JavaFX Application Thread] INFO  Engine               - FXGL-17.1 (24.03.2022 17.34) on WINDOWS (J:17.0.4.1 FX:17.0.2-ea)
12:12:11.371 [JavaFX Application Thread] DEBUG Engine               - JRE Vendor Name: Amazon.com Inc.
12:12:11.371 [JavaFX Application Thread] DEBUG Engine               - Running on OS: Windows 10 version 10.0
12:12:11.371 [JavaFX Application Thread] DEBUG Engine               - Architecture: amd64
12:12:11.371 [JavaFX Application Thread] INFO  Engine               - Source code and latest versions at: https://github.com/AlmasB/FXGL
12:12:11.371 [JavaFX Application Thread] INFO  Engine               -       Ask questions and discuss at: https://github.com/AlmasB/FXGL/discussions
12:12:11.371 [JavaFX Application Thread] INFO  Engine               -              Join the FXGL chat at: https://gitter.im/AlmasB/FXGL
12:12:11.440 [JavaFX Application Thread] DEBUG PrimaryStageWindow   - Creating a JavaFX scene
12:12:11.477 [JavaFX Application Thread] DEBUG PrimaryStageWindow   - Target settings size: 1920.0 x 1024.0
12:12:11.478 [JavaFX Application Thread] DEBUG PrimaryStageWindow   - Scaled scene size:    1920.0 x 1024.0
12:12:11.478 [JavaFX Application Thread] DEBUG PrimaryStageWindow   - Scaled ratio: (1.0, 1.0)
12:12:11.479 [JavaFX Application Thread] DEBUG PrimaryStageWindow   - Set initial scene to FXGLStartupScene
12:12:11.484 [JavaFX Application Thread] DEBUG PrimaryStageWindow   - Opening main window
12:12:11.546 [JavaFX Application Thread] DEBUG PrimaryStageWindow   - Window border size: (16.0, 39.0)
12:12:11.547 [JavaFX Application Thread] DEBUG PrimaryStageWindow   - Scaled size: 1920.0 x 1024.0
12:12:11.547 [JavaFX Application Thread] DEBUG PrimaryStageWindow   - Scaled ratio: (1.0, 1.0)
12:12:11.547 [JavaFX Application Thread] DEBUG PrimaryStageWindow   - Scene size: 1920.0 x 1024.0
12:12:11.547 [JavaFX Application Thread] DEBUG PrimaryStageWindow   - Stage size: 1936.0 x 1063.0
12:12:11.555 [FXGL Background Thread 1 ] DEBUG Engine               - Initializing environment variables
12:12:11.580 [FXGL Background Thread 1 ] DEBUG FXGLAssetLoaderServi - User app class for loading assets: class leo.skvorc.racinggame.RacingApp
12:12:11.580 [FXGL Background Thread 1 ] DEBUG GameApplicationServi - Applying CSS: fxgl_dark.css
12:12:11.581 [FXGL Background Thread 1 ] DEBUG FXGLAssetLoaderServi - Loading from file system: jar:file:///C:/Users/lskvo/.m2/repository/com/github/almasb/fxgl/17.1/fxgl-17.1.jar!/fxglassets/ui/css/fxgl_dark.css
12:12:11.619 [FXGL Background Thread 1 ] DEBUG GameApplicationServi - Initializing application scenes
12:12:11.656 [FXGL Background Thread 1 ] DEBUG GameWorld            - Game world initialized
12:12:11.695 [FXGL Background Thread 1 ] DEBUG PhysicsWorld         - Physics world initialized: appHeight=1024, physics.ppm=50.0
12:12:11.695 [FXGL Background Thread 1 ] DEBUG PhysicsWorld         - Using strategy: BRUTE_FORCE
12:12:11.699 [FXGL Background Thread 1 ] DEBUG GameScene            - Game scene initialized: 1920x1024
12:12:11.708 [FXGL Background Thread 1 ] DEBUG FXGL.DefaultMenu     - createMenuBodyGameMenu()
12:12:11.718 [FXGL Background Thread 1 ] DEBUG FXGL.DefaultMenu     - createOptionsMenu()
12:12:11.727 [FXGL Background Thread 1 ] DEBUG FXGLAssetLoaderServi - Loading from file system: jar:file:///C:/Users/lskvo/.m2/repository/com/github/almasb/fxgl/17.1/fxgl-17.1.jar!/fxglassets/textures/particles/smoke.png
12:12:11.813 [FXGL Background Thread 1 ] DEBUG FXGLAssetLoaderServi - Loading from file system: jar:file:///C:/Users/lskvo/.m2/repository/com/github/almasb/fxgl/17.1/fxgl-17.1.jar!/fxglassets/textures/particles/trace_horizontal.png
12:12:11.872 [FXGL Background Thread 1 ] DEBUG GameApplicationServi - Application scenes initialized
12:12:11.885 [FXGL Background Thread 1 ] DEBUG SystemBundleService  - Loading FXGL system data
12:12:11.889 [FXGL Background Thread 1 ] DEBUG FileSystemAccess     - Reading from: C:\Users\lskvo\Documents\Algebra\5 Semestar\Programiranje u Javi 2\Projekt\Racing Game\system\fxgl.bundle
12:12:11.896 [FXGL Background Thread 1 ] DEBUG SystemBundleService  - Bundle FXGL: {}
12:12:11.896 [FXGL Background Thread 1 ] DEBUG UpdaterService       - Checking for updates
12:12:11.900 [FXGL Background Thread 4 ] DEBUG FXGLApplication      - Loading fonts
12:12:11.900 [FXGL Background Thread 1 ] DEBUG FXGLApplication      - Loading default localization
12:12:11.900 [FXGL Background Thread 4 ] DEBUG FXGLAssetLoaderServi - Loading from file system: jar:file:///C:/Users/lskvo/.m2/repository/com/github/almasb/fxgl/17.1/fxgl-17.1.jar!/fxglassets/ui/fonts/VarelaRound-Regular.ttf
12:12:11.901 [FXGL Background Thread 1 ] DEBUG FXGLAssetLoaderServi - Loading from file system: jar:file:///C:/Users/lskvo/.m2/repository/com/github/almasb/fxgl/17.1/fxgl-17.1.jar!/fxglassets/languages/english.lang
12:12:11.915 [FXGL Background Thread 1 ] INFO  FXGLApplication      - FXGL initialization took: 0.360 sec
12:12:11.931 [JavaFX Application Thread] DEBUG Input                - Registered new binding: action0 - W
12:12:11.932 [JavaFX Application Thread] DEBUG Input                - Registered new binding: action1 - S
12:12:11.932 [JavaFX Application Thread] DEBUG Input                - Registered new binding: action2 - A
12:12:11.933 [JavaFX Application Thread] DEBUG Input                - Registered new binding: action3 - D
12:12:11.933 [JavaFX Application Thread] DEBUG Input                - Registered new binding: action4 - Up
12:12:11.934 [JavaFX Application Thread] DEBUG Input                - Registered new binding: action5 - Down
12:12:11.934 [JavaFX Application Thread] DEBUG Input                - Registered new binding: action6 - Left
12:12:11.935 [JavaFX Application Thread] DEBUG Input                - Registered new binding: action7 - Right
12:12:11.935 [JavaFX Application Thread] DEBUG FXGLAssetLoaderServi - Loading from file system: jar:file:///C:/Users/lskvo/.m2/repository/com/github/almasb/fxgl/17.1/fxgl-17.1.jar!/fxglassets/textures/fxgl_icon.png
12:12:11.964 [FXGL Background Thread 4 ] DEBUG FXGLAssetLoaderServi - Loading from file system: jar:file:///C:/Users/lskvo/.m2/repository/com/github/almasb/fxgl/17.1/fxgl-17.1.jar!/fxglassets/ui/fonts/Abel-Regular.ttf
12:12:11.967 [JavaFX Application Thread] DEBUG FXGLAssetLoaderServi - Loading from file system: jar:file:///C:/Users/lskvo/.m2/repository/com/github/almasb/fxgl/17.1/fxgl-17.1.jar!/fxglassets/textures/fxgl_default_cursor.png
12:12:11.969 [JavaFX Application Thread] DEBUG Input                - Registered new binding: Screenshot - CTRL+8
12:12:11.970 [JavaFX Application Thread] DEBUG Input                - Registered new binding: System info dump - CTRL+9
12:12:11.971 [JavaFX Application Thread] DEBUG Input                - Registered new binding: Restart - CTRL+R
12:12:11.972 [JavaFX Application Thread] DEBUG Input                - Registered new binding: Toggle Debug Camera - CTRL+7
12:12:11.973 [FXGL Background Thread 4 ] DEBUG FXGLAssetLoaderServi - Loading from file system: jar:file:///C:/Users/lskvo/.m2/repository/com/github/almasb/fxgl/17.1/fxgl-17.1.jar!/fxglassets/ui/fonts/TerminalLandMono-Regular.otf
12:12:11.975 [JavaFX Application Thread] DEBUG LoopRunner           - Starting loop
12:12:11.975 [JavaFX Application Thread] DEBUG LoopRunner           - Initializing JavaFX AnimationTimerLoop
12:12:11.977 [JavaFX Application Thread] DEBUG GameApplicationServi - Starting new game
12:12:11.977 [JavaFX Application Thread] DEBUG Input                - Clearing active input actions
12:12:11.981 [FXGL Background Thread 4 ] DEBUG FXGLAssetLoaderServi - Loading from file system: jar:file:///C:/Users/lskvo/.m2/repository/com/github/almasb/fxgl/17.1/fxgl-17.1.jar!/fxglassets/ui/fonts/Courier-Prime.ttf
12:12:11.989 [JavaFX Application Thread] DEBUG GameApplicationServi - Removing overlay from FXGLStartupScene and adding to FXGLLoadingScene
12:12:11.990 [JavaFX Application Thread] DEBUG PrimaryStageWindow   - FXGLStartupScene -> FXGLLoadingScene
12:12:11.990 [JavaFX Application Thread] DEBUG GameApplicationServi - Clearing previous game
12:12:11.990 [JavaFX Application Thread] DEBUG GameScene            - Clearing game scene
12:12:11.990 [JavaFX Application Thread] DEBUG GameWorld            - Clearing game world
12:12:11.990 [JavaFX Application Thread] DEBUG PhysicsWorld         - Clearing physics world
12:12:11.993 [FXGL Background Thread 1 ] DEBUG FXGLApplication      - Initializing game
12:12:12.028 [JavaFX Application Thread] DEBUG FXGLApplication      - Registering font factories with UI factory
12:12:12.032 [JavaFX Application Thread] DEBUG LoopRunner           - Stopping loop
12:12:12.036 [JavaFX Application Thread] FATAL FXGLApplication      - Uncaught Exception:
java.lang.RuntimeException: Initialization failed
	at com.almasb.fxgl.all@17.1/com.almasb.fxgl.app.FXGLApplication$InitAppTask.failed(FXGLApplication.kt:343)
	at javafx.graphics/javafx.concurrent.Task.setState(Task.java:710)
	at javafx.graphics/javafx.concurrent.Task$TaskCallable.lambda$call$2(Task.java:1456)
	at javafx.graphics/com.sun.javafx.application.PlatformImpl.lambda$runLater$10(PlatformImpl.java:457)
	at java.base/java.security.AccessController.doPrivileged(AccessController.java:399)
	at javafx.graphics/com.sun.javafx.application.PlatformImpl.lambda$runLater$11(PlatformImpl.java:456)
	at javafx.graphics/com.sun.glass.ui.InvokeLaterDispatcher$Future.run$$$capture(InvokeLaterDispatcher.java:96)
	at javafx.graphics/com.sun.glass.ui.InvokeLaterDispatcher$Future.run(InvokeLaterDispatcher.java)
	at javafx.graphics/com.sun.glass.ui.win.WinApplication._runLoop(Native Method)
	at javafx.graphics/com.sun.glass.ui.win.WinApplication.lambda$runLoop$3(WinApplication.java:184)
	at java.base/java.lang.Thread.run(Thread.java:833)
Caused by: java.lang.NullPointerException: Cannot invoke "leo.skvorc.racinggame.Config.getTrack()" because "this.config" is null
	at racinggame.main/leo.skvorc.racinggame.RacingApp.initGame(RacingApp.java:59)
	at com.almasb.fxgl.all@17.1/com.almasb.fxgl.app.FXGLApplication$InitAppTask.initGame(FXGLApplication.kt:339)
	at com.almasb.fxgl.all@17.1/com.almasb.fxgl.app.FXGLApplication$InitAppTask.call(FXGLApplication.kt:319)
	at com.almasb.fxgl.all@17.1/com.almasb.fxgl.app.FXGLApplication$InitAppTask.call(FXGLApplication.kt:311)
	at javafx.graphics/javafx.concurrent.Task$TaskCallable.call(Task.java:1426)
	at java.base/java.util.concurrent.FutureTask.run$$$capture(FutureTask.java:264)
	at java.base/java.util.concurrent.FutureTask.run(FutureTask.java)
	at java.base/java.util.concurrent.Executors$RunnableAdapter.call(Executors.java:539)
	at java.base/java.util.concurrent.FutureTask.run$$$capture(FutureTask.java:264)
	at java.base/java.util.concurrent.FutureTask.run(FutureTask.java)
	at java.base/java.util.concurrent.ThreadPoolExecutor.runWorker(ThreadPoolExecutor.java:1136)
	at java.base/java.util.concurrent.ThreadPoolExecutor$Worker.run(ThreadPoolExecutor.java:635)
	... 1 more

12:12:12.036 [JavaFX Application Thread] FATAL FXGLApplication      - Application will now exit
12:12:12.066 [JavaFX Application Thread] DEBUG PrimaryStageWindow   - Push state: ErrorSubScene
12:12:12.066 [JavaFX Application Thread] DEBUG Input                - Clearing active input actions
12:12:12.073 [JavaFX Application Thread] DEBUG GameApplicationServi - Removing overlay from FXGLLoadingScene and adding to ErrorSubScene
12:12:12.074 [JavaFX Application Thread] DEBUG PrimaryStageWindow   - FXGLLoadingScene -> ErrorSubScene
12:12:12.351 [FXGL Background Thread 2 ] INFO  UpdaterService       - Your current version:  17.1
12:12:12.351 [FXGL Background Thread 2 ] INFO  UpdaterService       - Latest stable version: 17.2
12:12:14.726 [JavaFX Application Thread] DEBUG FXGLApplication      - Exiting FXGL
12:12:14.726 [JavaFX Application Thread] DEBUG Async                - Shutting down background threads
12:12:14.726 [JavaFX Application Thread] DEBUG PrimaryStageWindow   - Closing main window
12:12:14.734 [JavaFX Application Thread] DEBUG Logger               - Closing Logger
