10:33:54.134 [main                     ] DEBUG Logger               - Configured Logger
10:33:54.158 [main                     ] DEBUG GameApplication      - Logging settings
Title: Racing game
Version: 0.0
Width: 1920
Height: 1024
Fullscreen: false
Intro: false
Profiling: false
Single step:false
App Mode: DEVELOPER
Menu Key: ESCAPE
Stage Style: DECORATED
Scene Factory: class com.almasb.fxgl.app.scene.SceneFactory

10:33:54.465 [JavaFX Application Thread] DEBUG FXGLApplication      - Initializing FXGL
10:33:54.469 [JavaFX Application Thread] INFO  Engine               - FXGL-17.1 (24.03.2022 17.34) on WINDOWS (J:17.0.4.1 FX:17.0.2-ea)
10:33:54.470 [JavaFX Application Thread] DEBUG Engine               - JRE Vendor Name: Amazon.com Inc.
10:33:54.470 [JavaFX Application Thread] DEBUG Engine               - Running on OS: Windows 10 version 10.0
10:33:54.470 [JavaFX Application Thread] DEBUG Engine               - Architecture: amd64
10:33:54.470 [JavaFX Application Thread] INFO  Engine               - Source code and latest versions at: https://github.com/AlmasB/FXGL
10:33:54.470 [JavaFX Application Thread] INFO  Engine               -       Ask questions and discuss at: https://github.com/AlmasB/FXGL/discussions
10:33:54.470 [JavaFX Application Thread] INFO  Engine               -              Join the FXGL chat at: https://gitter.im/AlmasB/FXGL
10:33:54.533 [JavaFX Application Thread] DEBUG PrimaryStageWindow   - Creating a JavaFX scene
10:33:54.564 [JavaFX Application Thread] DEBUG PrimaryStageWindow   - Target settings size: 1920.0 x 1024.0
10:33:54.564 [JavaFX Application Thread] DEBUG PrimaryStageWindow   - Scaled scene size:    1920.0 x 1024.0
10:33:54.564 [JavaFX Application Thread] DEBUG PrimaryStageWindow   - Scaled ratio: (1.0, 1.0)
10:33:54.565 [JavaFX Application Thread] DEBUG PrimaryStageWindow   - Set initial scene to FXGLStartupScene
10:33:54.570 [JavaFX Application Thread] DEBUG PrimaryStageWindow   - Opening main window
10:33:54.632 [JavaFX Application Thread] DEBUG PrimaryStageWindow   - Window border size: (16.0, 39.0)
10:33:54.632 [JavaFX Application Thread] DEBUG PrimaryStageWindow   - Scaled size: 1920.0 x 1024.0
10:33:54.632 [JavaFX Application Thread] DEBUG PrimaryStageWindow   - Scaled ratio: (1.0, 1.0)
10:33:54.632 [JavaFX Application Thread] DEBUG PrimaryStageWindow   - Scene size: 1920.0 x 1024.0
10:33:54.633 [JavaFX Application Thread] DEBUG PrimaryStageWindow   - Stage size: 1936.0 x 1063.0
10:33:54.640 [FXGL Background Thread 1 ] DEBUG Engine               - Initializing environment variables
10:33:54.668 [FXGL Background Thread 1 ] DEBUG FXGLAssetLoaderServi - User app class for loading assets: class leo.skvorc.racinggame.RacingApp
10:33:54.668 [FXGL Background Thread 1 ] DEBUG GameApplicationServi - Applying CSS: fxgl_dark.css
10:33:54.669 [FXGL Background Thread 1 ] DEBUG FXGLAssetLoaderServi - Loading from file system: jar:file:///C:/Users/lskvo/.m2/repository/com/github/almasb/fxgl/17.1/fxgl-17.1.jar!/fxglassets/ui/css/fxgl_dark.css
10:33:54.701 [FXGL Background Thread 1 ] DEBUG GameApplicationServi - Initializing application scenes
10:33:54.742 [FXGL Background Thread 1 ] DEBUG GameWorld            - Game world initialized
10:33:54.782 [FXGL Background Thread 1 ] DEBUG PhysicsWorld         - Physics world initialized: appHeight=1024, physics.ppm=50.0
10:33:54.782 [FXGL Background Thread 1 ] DEBUG PhysicsWorld         - Using strategy: BRUTE_FORCE
10:33:54.786 [FXGL Background Thread 1 ] DEBUG GameScene            - Game scene initialized: 1920x1024
10:33:54.798 [FXGL Background Thread 1 ] DEBUG FXGL.DefaultMenu     - createMenuBodyGameMenu()
10:33:54.809 [FXGL Background Thread 1 ] DEBUG FXGL.DefaultMenu     - createOptionsMenu()
10:33:54.818 [FXGL Background Thread 1 ] DEBUG FXGLAssetLoaderServi - Loading from file system: jar:file:///C:/Users/lskvo/.m2/repository/com/github/almasb/fxgl/17.1/fxgl-17.1.jar!/fxglassets/textures/particles/smoke.png
10:33:54.886 [FXGL Background Thread 1 ] DEBUG FXGLAssetLoaderServi - Loading from file system: jar:file:///C:/Users/lskvo/.m2/repository/com/github/almasb/fxgl/17.1/fxgl-17.1.jar!/fxglassets/textures/particles/trace_horizontal.png
10:33:54.913 [FXGL Background Thread 1 ] DEBUG GameApplicationServi - Application scenes initialized
10:33:54.924 [FXGL Background Thread 1 ] DEBUG SystemBundleService  - Loading FXGL system data
10:33:54.927 [FXGL Background Thread 1 ] DEBUG FileSystemAccess     - Reading from: C:\Users\lskvo\Documents\Algebra\5 Semestar\Programiranje u Javi 2\Projekt\Racing Game\system\fxgl.bundle
10:33:54.934 [FXGL Background Thread 1 ] DEBUG SystemBundleService  - Bundle FXGL: {}
10:33:54.934 [FXGL Background Thread 1 ] DEBUG UpdaterService       - Checking for updates
10:33:54.938 [FXGL Background Thread 4 ] DEBUG FXGLApplication      - Loading fonts
10:33:54.939 [FXGL Background Thread 4 ] DEBUG FXGLAssetLoaderServi - Loading from file system: jar:file:///C:/Users/lskvo/.m2/repository/com/github/almasb/fxgl/17.1/fxgl-17.1.jar!/fxglassets/ui/fonts/VarelaRound-Regular.ttf
10:33:54.939 [FXGL Background Thread 1 ] DEBUG FXGLApplication      - Loading default localization
10:33:54.940 [FXGL Background Thread 1 ] DEBUG FXGLAssetLoaderServi - Loading from file system: jar:file:///C:/Users/lskvo/.m2/repository/com/github/almasb/fxgl/17.1/fxgl-17.1.jar!/fxglassets/languages/english.lang
10:33:54.958 [FXGL Background Thread 1 ] INFO  FXGLApplication      - FXGL initialization took: 0.318 sec
10:33:54.972 [JavaFX Application Thread] DEBUG Input                - Registered new binding: action0 - W
10:33:54.973 [JavaFX Application Thread] DEBUG Input                - Registered new binding: action1 - S
10:33:54.973 [JavaFX Application Thread] DEBUG Input                - Registered new binding: action2 - A
10:33:54.974 [JavaFX Application Thread] DEBUG Input                - Registered new binding: action3 - D
10:33:54.974 [JavaFX Application Thread] DEBUG Input                - Registered new binding: action4 - Up
10:33:54.975 [JavaFX Application Thread] DEBUG Input                - Registered new binding: action5 - Down
10:33:54.975 [JavaFX Application Thread] DEBUG Input                - Registered new binding: action6 - Left
10:33:54.976 [JavaFX Application Thread] DEBUG Input                - Registered new binding: action7 - Right
10:33:54.976 [JavaFX Application Thread] DEBUG FXGLAssetLoaderServi - Loading from file system: jar:file:///C:/Users/lskvo/.m2/repository/com/github/almasb/fxgl/17.1/fxgl-17.1.jar!/fxglassets/textures/fxgl_icon.png
10:33:54.999 [JavaFX Application Thread] DEBUG FXGLAssetLoaderServi - Loading from file system: jar:file:///C:/Users/lskvo/.m2/repository/com/github/almasb/fxgl/17.1/fxgl-17.1.jar!/fxglassets/textures/fxgl_default_cursor.png
10:33:55.002 [JavaFX Application Thread] DEBUG Input                - Registered new binding: Screenshot - CTRL+8
10:33:55.003 [JavaFX Application Thread] DEBUG Input                - Registered new binding: System info dump - CTRL+9
10:33:55.003 [JavaFX Application Thread] DEBUG Input                - Registered new binding: Restart - CTRL+R
10:33:55.004 [JavaFX Application Thread] DEBUG Input                - Registered new binding: Toggle Debug Camera - CTRL+7
10:33:55.006 [JavaFX Application Thread] DEBUG LoopRunner           - Starting loop
10:33:55.006 [JavaFX Application Thread] DEBUG LoopRunner           - Initializing JavaFX AnimationTimerLoop
10:33:55.008 [JavaFX Application Thread] DEBUG GameApplicationServi - Starting new game
10:33:55.009 [JavaFX Application Thread] DEBUG Input                - Clearing active input actions
10:33:55.022 [JavaFX Application Thread] DEBUG GameApplicationServi - Removing overlay from FXGLStartupScene and adding to FXGLLoadingScene
10:33:55.023 [FXGL Background Thread 4 ] DEBUG FXGLAssetLoaderServi - Loading from file system: jar:file:///C:/Users/lskvo/.m2/repository/com/github/almasb/fxgl/17.1/fxgl-17.1.jar!/fxglassets/ui/fonts/Abel-Regular.ttf
10:33:55.023 [JavaFX Application Thread] DEBUG GameApplicationServi - Clearing previous game
10:33:55.023 [JavaFX Application Thread] DEBUG GameScene            - Clearing game scene
10:33:55.023 [JavaFX Application Thread] DEBUG GameWorld            - Clearing game world
10:33:55.023 [JavaFX Application Thread] DEBUG PhysicsWorld         - Clearing physics world
10:33:55.027 [FXGL Background Thread 1 ] DEBUG FXGLApplication      - Initializing game
10:33:55.033 [FXGL Background Thread 4 ] DEBUG FXGLAssetLoaderServi - Loading from file system: jar:file:///C:/Users/lskvo/.m2/repository/com/github/almasb/fxgl/17.1/fxgl-17.1.jar!/fxglassets/ui/fonts/TerminalLandMono-Regular.otf
10:33:55.044 [FXGL Background Thread 4 ] DEBUG FXGLAssetLoaderServi - Loading from file system: jar:file:///C:/Users/lskvo/.m2/repository/com/github/almasb/fxgl/17.1/fxgl-17.1.jar!/fxglassets/ui/fonts/Courier-Prime.ttf
10:33:55.092 [JavaFX Application Thread] DEBUG FXGLApplication      - Registering font factories with UI factory
10:33:55.142 [FXGL Background Thread 1 ] WARN  TMXLevelLoader       - TiledMap generated from 1.9.2. Supported version: 1.4.2. Some features may not be parsed fully.
10:33:55.153 [FXGL Background Thread 1 ] DEBUG TMXLevelLoader       - Parsed TiledMap: file:/C:/Users/lskvo/Documents/Algebra/5%20Semestar/Programiranje%20u%20Javi%202/Projekt/Racing%20Game/target/classes/assets/levels/tmx/track2.tmx
10:33:55.155 [FXGL Background Thread 1 ] DEBUG TMXLevelLoader       - Creating tile layer entities
10:33:55.157 [FXGL Background Thread 1 ] DEBUG TilesetLoader        - Loading view for layer Tile Layer 1
10:33:55.161 [FXGL Background Thread 1 ] DEBUG TilesetLoader        - Created buffer with size 1920.0x1024.0
10:33:55.266 [FXGL Background Thread 1 ] DEBUG TilesetLoader        - Loading view for layer Tile Layer 2
10:33:55.274 [FXGL Background Thread 1 ] DEBUG TilesetLoader        - Created buffer with size 1920.0x1024.0
10:33:55.276 [FXGL Background Thread 1 ] DEBUG TMXLevelLoader       - Creating object layer entities
10:33:55.303 [FXGL Background Thread 1 ] DEBUG GameWorld            - Clearing removable entities
10:33:55.306 [FXGL Background Thread 1 ] DEBUG GameWorld            - Setting level: com.almasb.fxgl.entity.level.Level@6cba6461
10:33:55.312 [FXGL Background Thread 1 ] DEBUG FXGLAssetLoaderServi - Loading from file system: file:/C:/Users/lskvo/Documents/Algebra/5%20Semestar/Programiranje%20u%20Javi%202/Projekt/Racing%20Game/target/classes/assets/textures/carBLACK.png
10:33:55.321 [FXGL Background Thread 1 ] WARN  GameWorld            - Entity is already attached to world
10:33:55.322 [FXGL Background Thread 1 ] DEBUG FXGLAssetLoaderServi - Loading from file system: file:/C:/Users/lskvo/Documents/Algebra/5%20Semestar/Programiranje%20u%20Javi%202/Projekt/Racing%20Game/target/classes/assets/textures/carGREEN.png
10:33:55.324 [FXGL Background Thread 1 ] WARN  GameWorld            - Entity is already attached to world
10:33:55.325 [FXGL Background Thread 1 ] DEBUG FXGLAssetLoaderServi - Loading from file system: file:/C:/Users/lskvo/Documents/Algebra/5%20Semestar/Programiranje%20u%20Javi%202/Projekt/Racing%20Game/target/classes/assets/music/avalanche.mp3
10:33:55.405 [FXGL Background Thread 2 ] INFO  UpdaterService       - Your current version:  17.1
10:33:55.405 [FXGL Background Thread 2 ] INFO  UpdaterService       - Latest stable version: 17.2
10:33:55.445 [FXGL Background Thread 1 ] DEBUG AudioPlayer          - Playing music com.almasb.fxgl.audio.Music@1f6cfcee
10:33:55.447 [FXGL Background Thread 1 ] INFO  FXGLApplication      - Game initialization took: 0.420 sec
10:33:55.448 [JavaFX Application Thread] DEBUG Input                - Clearing active input actions
10:33:55.455 [JavaFX Application Thread] DEBUG GameApplicationServi - Removing overlay from FXGLLoadingScene and adding to GameScene
10:33:55.455 [JavaFX Application Thread] DEBUG PrimaryStageWindow   - FXGLLoadingScene -> GameScene
10:33:57.939 [FXGL Background Thread 3 ] DEBUG Engine               - Logging environment variables
10:33:57.939 [FXGL Background Thread 3 ] DEBUG Engine               - achievements: []
10:33:57.939 [FXGL Background Thread 3 ] DEBUG Engine               - actualHeight: 1024.0
10:33:57.939 [FXGL Background Thread 3 ] DEBUG Engine               - actualHeightProperty: ReadOnlyDoubleProperty [value: 1024.0]
10:33:57.939 [FXGL Background Thread 3 ] DEBUG Engine               - actualWidth: 1920.0
10:33:57.940 [FXGL Background Thread 3 ] DEBUG Engine               - actualWidthProperty: ReadOnlyDoubleProperty [value: 1920.0]
10:33:57.940 [FXGL Background Thread 3 ] DEBUG Engine               - appIcon: fxgl_icon.png
10:33:57.940 [FXGL Background Thread 3 ] DEBUG Engine               - applicationMode: DEVELOPER
10:33:57.940 [FXGL Background Thread 3 ] DEBUG Engine               - cSSList: [fxgl_dark.css]
10:33:57.940 [FXGL Background Thread 3 ] DEBUG Engine               - collisionDetectionStrategy: BRUTE_FORCE
10:33:57.940 [FXGL Background Thread 3 ] DEBUG Engine               - configClass: Optional.empty
10:33:57.940 [FXGL Background Thread 3 ] DEBUG Engine               - credits: []
10:33:57.940 [FXGL Background Thread 3 ] DEBUG Engine               - defaultCursor: CursorInfo(imageName=fxgl_default_cursor.png, hotspotX=7.0, hotspotY=6.0)
10:33:57.940 [FXGL Background Thread 3 ] DEBUG Engine               - devBBoxColorProperty: ObjectProperty [value: 0xff0000ff]
10:33:57.940 [FXGL Background Thread 3 ] DEBUG Engine               - devEnableDebugCameraProperty: BooleanProperty [value: false]
10:33:57.940 [FXGL Background Thread 3 ] DEBUG Engine               - devSensorColorProperty: ObjectProperty [value: 0xffff00ff]
10:33:57.940 [FXGL Background Thread 3 ] DEBUG Engine               - devShowBBoxProperty: BooleanProperty [value: false]
10:33:57.940 [FXGL Background Thread 3 ] DEBUG Engine               - devShowPositionProperty: BooleanProperty [value: false]
10:33:57.940 [FXGL Background Thread 3 ] DEBUG Engine               - enabledMenuItems: []
10:33:57.940 [FXGL Background Thread 3 ] DEBUG Engine               - engineServices: [class com.almasb.fxgl.app.services.FXGLAssetLoaderService, class com.almasb.fxgl.app.FXGLApplication$GameApplicationService, class com.almasb.fxgl.app.services.FXGLDialogService, class com.almasb.fxgl.app.services.IOTaskExecutorService, class com.almasb.fxgl.io.FileSystemService, class com.almasb.fxgl.localization.LocalizationService, class com.almasb.fxgl.app.services.SystemBundleService, class com.almasb.fxgl.profile.SaveLoadService, class com.almasb.fxgl.ui.FXGLUIFactoryServiceProvider, class com.almasb.fxgl.ui.FXGLDialogFactoryServiceProvider, class com.almasb.fxgl.audio.AudioPlayer, class com.almasb.fxgl.notification.impl.NotificationServiceProvider, class com.almasb.fxgl.achievement.AchievementService, class com.almasb.fxgl.cutscene.CutsceneService, class com.almasb.fxgl.minigames.MiniGameService, class com.almasb.fxgl.net.NetService, class com.almasb.fxgl.app.services.UpdaterService, class com.almasb.fxgl.dev.DevService]
10:33:57.941 [FXGL Background Thread 3 ] DEBUG Engine               - fontGame: Abel-Regular.ttf
10:33:57.941 [FXGL Background Thread 3 ] DEBUG Engine               - fontMono: TerminalLandMono-Regular.otf
10:33:57.941 [FXGL Background Thread 3 ] DEBUG Engine               - fontText: Courier-Prime.ttf
10:33:57.941 [FXGL Background Thread 3 ] DEBUG Engine               - fontUI: VarelaRound-Regular.ttf
10:33:57.941 [FXGL Background Thread 3 ] DEBUG Engine               - fullScreen: BooleanProperty [value: true]
10:33:57.941 [FXGL Background Thread 3 ] DEBUG Engine               - gameDifficulty: MEDIUM
10:33:57.941 [FXGL Background Thread 3 ] DEBUG Engine               - gameDifficultyProperty: ObjectProperty [value: MEDIUM]
10:33:57.941 [FXGL Background Thread 3 ] DEBUG Engine               - globalMusicVolume: 0.5
10:33:57.941 [FXGL Background Thread 3 ] DEBUG Engine               - globalMusicVolumeProperty: DoubleProperty [value: 0.5]
10:33:57.941 [FXGL Background Thread 3 ] DEBUG Engine               - globalSoundVolume: 0.5
10:33:57.941 [FXGL Background Thread 3 ] DEBUG Engine               - globalSoundVolumeProperty: DoubleProperty [value: 0.5]
10:33:57.941 [FXGL Background Thread 3 ] DEBUG Engine               - height: 1024
10:33:57.941 [FXGL Background Thread 3 ] DEBUG Engine               - is3D: false
10:33:57.941 [FXGL Background Thread 3 ] DEBUG Engine               - isAndroid: false
10:33:57.941 [FXGL Background Thread 3 ] DEBUG Engine               - isBrowser: false
10:33:57.941 [FXGL Background Thread 3 ] DEBUG Engine               - isClickFeedbackEnabled: false
10:33:57.941 [FXGL Background Thread 3 ] DEBUG Engine               - isCloseConfirmation: false
10:33:57.941 [FXGL Background Thread 3 ] DEBUG Engine               - isDesktop: true
10:33:57.941 [FXGL Background Thread 3 ] DEBUG Engine               - isDeveloperMenuEnabled: false
10:33:57.941 [FXGL Background Thread 3 ] DEBUG Engine               - isEmbedded: false
10:33:57.941 [FXGL Background Thread 3 ] DEBUG Engine               - isEntityPreloadEnabled: true
10:33:57.941 [FXGL Background Thread 3 ] DEBUG Engine               - isExperimentalTiledLargeMap: false
10:33:57.941 [FXGL Background Thread 3 ] DEBUG Engine               - isFileSystemWriteAllowed: true
10:33:57.941 [FXGL Background Thread 3 ] DEBUG Engine               - isFullScreenAllowed: false
10:33:57.941 [FXGL Background Thread 3 ] DEBUG Engine               - isFullScreenFromStart: true
10:33:57.941 [FXGL Background Thread 3 ] DEBUG Engine               - isGameMenuEnabled: true
10:33:57.941 [FXGL Background Thread 3 ] DEBUG Engine               - isIOS: false
10:33:57.942 [FXGL Background Thread 3 ] DEBUG Engine               - isIntroEnabled: false
10:33:57.942 [FXGL Background Thread 3 ] DEBUG Engine               - isLinux: false
10:33:57.942 [FXGL Background Thread 3 ] DEBUG Engine               - isMac: false
10:33:57.942 [FXGL Background Thread 3 ] DEBUG Engine               - isMainMenuEnabled: false
10:33:57.942 [FXGL Background Thread 3 ] DEBUG Engine               - isManualResizeEnabled: false
10:33:57.942 [FXGL Background Thread 3 ] DEBUG Engine               - isMobile: false
10:33:57.942 [FXGL Background Thread 3 ] DEBUG Engine               - isNative: false
10:33:57.942 [FXGL Background Thread 3 ] DEBUG Engine               - isPauseMusicWhenMinimized: true
10:33:57.942 [FXGL Background Thread 3 ] DEBUG Engine               - isPreserveResizeRatio: false
10:33:57.942 [FXGL Background Thread 3 ] DEBUG Engine               - isProfilingEnabled: false
10:33:57.942 [FXGL Background Thread 3 ] DEBUG Engine               - isScaleAffectedOnResize: true
10:33:57.942 [FXGL Background Thread 3 ] DEBUG Engine               - isSingleStep: false
10:33:57.942 [FXGL Background Thread 3 ] DEBUG Engine               - isUserProfileEnabled: false
10:33:57.942 [FXGL Background Thread 3 ] DEBUG Engine               - isWindows: true
10:33:57.942 [FXGL Background Thread 3 ] DEBUG Engine               - language: ObjectProperty [value: ENGLISH]
10:33:57.942 [FXGL Background Thread 3 ] DEBUG Engine               - menuKey: ESCAPE
10:33:57.942 [FXGL Background Thread 3 ] DEBUG Engine               - mouseSensitivity: 0.2
10:33:57.942 [FXGL Background Thread 3 ] DEBUG Engine               - notificationViewClass: class com.almasb.fxgl.notification.view.XboxNotificationView
10:33:57.942 [FXGL Background Thread 3 ] DEBUG Engine               - pixelsPerMeter: 50.0
10:33:57.942 [FXGL Background Thread 3 ] DEBUG Engine               - platform: WINDOWS
10:33:57.942 [FXGL Background Thread 3 ] DEBUG Engine               - prefHeightProperty: ReadOnlyDoubleProperty [value: 1024.0]
10:33:57.942 [FXGL Background Thread 3 ] DEBUG Engine               - prefWidthProperty: ReadOnlyDoubleProperty [value: 1920.0]
10:33:57.942 [FXGL Background Thread 3 ] DEBUG Engine               - profileDir: profiles/
10:33:57.942 [FXGL Background Thread 3 ] DEBUG Engine               - profileName: StringProperty [value: DEFAULT]
10:33:57.942 [FXGL Background Thread 3 ] DEBUG Engine               - randomSeed: -1
10:33:57.943 [FXGL Background Thread 3 ] DEBUG Engine               - runtimeInfo: RuntimeInfo(platform=WINDOWS, version=17.1, build=24.03.2022 17.34)
10:33:57.943 [FXGL Background Thread 3 ] DEBUG Engine               - saveFileExt: sav
10:33:57.943 [FXGL Background Thread 3 ] DEBUG Engine               - scaledHeightProp$fxgl: DoubleProperty [bound, value: 1024.0]
10:33:57.943 [FXGL Background Thread 3 ] DEBUG Engine               - scaledWidthProp$fxgl: DoubleProperty [bound, value: 1920.0]
10:33:57.943 [FXGL Background Thread 3 ] DEBUG Engine               - sceneFactory: com.almasb.fxgl.app.scene.SceneFactory@44ebe39c
10:33:57.943 [FXGL Background Thread 3 ] DEBUG Engine               - secondsIn24h: 60
10:33:57.943 [FXGL Background Thread 3 ] DEBUG Engine               - soundMenuBack: menu/back.wav
10:33:57.943 [FXGL Background Thread 3 ] DEBUG Engine               - soundMenuPress: menu/press.wav
10:33:57.943 [FXGL Background Thread 3 ] DEBUG Engine               - soundMenuSelect: menu/select.wav
10:33:57.943 [FXGL Background Thread 3 ] DEBUG Engine               - soundNotification: core/notification.wav
10:33:57.943 [FXGL Background Thread 3 ] DEBUG Engine               - stageStyle: DECORATED
10:33:57.943 [FXGL Background Thread 3 ] DEBUG Engine               - supportedLanguages: [ENGLISH, FRENCH, GERMAN, HUNGARIAN, RUSSIAN]
10:33:57.943 [FXGL Background Thread 3 ] DEBUG Engine               - ticksPerSecond: -1
10:33:57.943 [FXGL Background Thread 3 ] DEBUG Engine               - title: Racing game
10:33:57.943 [FXGL Background Thread 3 ] DEBUG Engine               - urlGithub: https://github.com/AlmasB/FXGL
10:33:57.943 [FXGL Background Thread 3 ] DEBUG Engine               - urlLeaderboard: http://fxgl-top.herokuapp.com/
10:33:57.943 [FXGL Background Thread 3 ] DEBUG Engine               - urlPOM: https://raw.githubusercontent.com/AlmasB/FXGL/release/README.md
10:33:57.943 [FXGL Background Thread 3 ] DEBUG Engine               - userAppClass: class leo.skvorc.racinggame.RacingApp
10:33:57.943 [FXGL Background Thread 3 ] DEBUG Engine               - version: 0.0
10:33:57.943 [FXGL Background Thread 3 ] DEBUG Engine               - versionCheckDays: 7
10:33:57.943 [FXGL Background Thread 3 ] DEBUG Engine               - width: 1920
10:33:57.943 [FXGL Background Thread 3 ] DEBUG Engine               - Logging services
10:33:57.943 [FXGL Background Thread 3 ] DEBUG Engine               - class com.almasb.fxgl.app.services.FXGLAssetLoaderService
10:33:57.943 [FXGL Background Thread 3 ] DEBUG Engine               - class com.almasb.fxgl.app.FXGLApplication$GameApplicationService
10:33:57.943 [FXGL Background Thread 3 ] DEBUG Engine               - class com.almasb.fxgl.app.services.FXGLDialogService
10:33:57.943 [FXGL Background Thread 3 ] DEBUG Engine               - class com.almasb.fxgl.app.services.IOTaskExecutorService
10:33:57.943 [FXGL Background Thread 3 ] DEBUG Engine               - class com.almasb.fxgl.io.FileSystemService
10:33:57.943 [FXGL Background Thread 3 ] DEBUG Engine               - class com.almasb.fxgl.localization.LocalizationService
10:33:57.944 [FXGL Background Thread 3 ] DEBUG Engine               - class com.almasb.fxgl.app.services.SystemBundleService
10:33:57.944 [FXGL Background Thread 3 ] DEBUG Engine               - class com.almasb.fxgl.profile.SaveLoadService
10:33:57.944 [FXGL Background Thread 3 ] DEBUG Engine               - class com.almasb.fxgl.ui.FXGLUIFactoryServiceProvider
10:33:57.944 [FXGL Background Thread 3 ] DEBUG Engine               - class com.almasb.fxgl.ui.FXGLDialogFactoryServiceProvider
10:33:57.944 [FXGL Background Thread 3 ] DEBUG Engine               - class com.almasb.fxgl.audio.AudioPlayer
10:33:57.944 [FXGL Background Thread 3 ] DEBUG Engine               - class com.almasb.fxgl.notification.impl.NotificationServiceProvider
10:33:57.944 [FXGL Background Thread 3 ] DEBUG Engine               - class com.almasb.fxgl.achievement.AchievementService
10:33:57.944 [FXGL Background Thread 3 ] DEBUG Engine               - class com.almasb.fxgl.cutscene.CutsceneService
10:33:57.944 [FXGL Background Thread 3 ] DEBUG Engine               - class com.almasb.fxgl.minigames.MiniGameService
10:33:57.944 [FXGL Background Thread 3 ] DEBUG Engine               - class com.almasb.fxgl.net.NetService
10:33:57.944 [FXGL Background Thread 3 ] DEBUG Engine               - class com.almasb.fxgl.app.services.UpdaterService
10:33:57.944 [FXGL Background Thread 3 ] DEBUG Engine               - class com.almasb.fxgl.dev.DevService
10:34:43.758 [JavaFX Application Thread] DEBUG FXGLApplication      - Exiting FXGL
10:34:43.759 [JavaFX Application Thread] DEBUG LoopRunner           - Stopping loop
10:34:43.759 [JavaFX Application Thread] DEBUG SystemBundleService  - Saving FXGL system data
10:34:43.761 [JavaFX Application Thread] DEBUG FileSystemAccess     - Writing to: C:\Users\lskvo\Documents\Algebra\5 Semestar\Programiranje u Javi 2\Projekt\Racing Game\system\fxgl.bundle
10:34:43.762 [JavaFX Application Thread] DEBUG Async                - Shutting down background threads
10:34:43.762 [JavaFX Application Thread] DEBUG PrimaryStageWindow   - Closing main window
10:34:43.771 [JavaFX Application Thread] DEBUG Logger               - Closing Logger
