18:08:17.315 [main                     ] DEBUG Logger               - Configured Logger
18:08:17.341 [main                     ] DEBUG GameApplication      - Logging settings
Title: Racing game
Version: 0.0
Width: 1920
Height: 1024
Fullscreen: false
Intro: false
Profiling: false
Single step:false
App Mode: DEVELOPER
Menu Key: ESCAPE
Stage Style: DECORATED
Scene Factory: class com.almasb.fxgl.app.scene.SceneFactory

18:08:17.943 [JavaFX Application Thread] DEBUG FXGLApplication      - Initializing FXGL
18:08:17.946 [JavaFX Application Thread] INFO  Engine               - FXGL-17.1 (24.03.2022 17.34) on WINDOWS (J:17.0.4.1 FX:17.0.2-ea)
18:08:17.947 [JavaFX Application Thread] DEBUG Engine               - JRE Vendor Name: Amazon.com Inc.
18:08:17.947 [JavaFX Application Thread] DEBUG Engine               - Running on OS: Windows 10 version 10.0
18:08:17.947 [JavaFX Application Thread] DEBUG Engine               - Architecture: amd64
18:08:17.947 [JavaFX Application Thread] INFO  Engine               - Source code and latest versions at: https://github.com/AlmasB/FXGL
18:08:17.947 [JavaFX Application Thread] INFO  Engine               -       Ask questions and discuss at: https://github.com/AlmasB/FXGL/discussions
18:08:17.947 [JavaFX Application Thread] INFO  Engine               -              Join the FXGL chat at: https://gitter.im/AlmasB/FXGL
18:08:18.028 [JavaFX Application Thread] DEBUG PrimaryStageWindow   - Creating a JavaFX scene
18:08:18.069 [JavaFX Application Thread] DEBUG PrimaryStageWindow   - Target settings size: 1920.0 x 1024.0
18:08:18.069 [JavaFX Application Thread] DEBUG PrimaryStageWindow   - Scaled scene size:    1920.0 x 1024.0
18:08:18.069 [JavaFX Application Thread] DEBUG PrimaryStageWindow   - Scaled ratio: (1.0, 1.0)
18:08:18.070 [JavaFX Application Thread] DEBUG PrimaryStageWindow   - Set initial scene to FXGLStartupScene
18:08:18.075 [JavaFX Application Thread] DEBUG PrimaryStageWindow   - Opening main window
18:08:18.147 [JavaFX Application Thread] DEBUG PrimaryStageWindow   - Window border size: (16.0, 39.0)
18:08:18.147 [JavaFX Application Thread] DEBUG PrimaryStageWindow   - Scaled size: 1920.0 x 1024.0
18:08:18.147 [JavaFX Application Thread] DEBUG PrimaryStageWindow   - Scaled ratio: (1.0, 1.0)
18:08:18.147 [JavaFX Application Thread] DEBUG PrimaryStageWindow   - Scene size: 1920.0 x 1024.0
18:08:18.148 [JavaFX Application Thread] DEBUG PrimaryStageWindow   - Stage size: 1936.0 x 1063.0
18:08:18.155 [FXGL Background Thread 1 ] DEBUG Engine               - Initializing environment variables
18:08:18.183 [FXGL Background Thread 1 ] DEBUG FXGLAssetLoaderServi - User app class for loading assets: class leo.skvorc.racinggame.RacingApp
18:08:18.183 [FXGL Background Thread 1 ] DEBUG GameApplicationServi - Applying CSS: fxgl_dark.css
18:08:18.184 [FXGL Background Thread 1 ] DEBUG FXGLAssetLoaderServi - Loading from file system: jar:file:///C:/Users/lskvo/.m2/repository/com/github/almasb/fxgl/17.1/fxgl-17.1.jar!/fxglassets/ui/css/fxgl_dark.css
18:08:18.217 [FXGL Background Thread 1 ] DEBUG GameApplicationServi - Initializing application scenes
18:08:18.257 [FXGL Background Thread 1 ] DEBUG GameWorld            - Game world initialized
18:08:18.301 [FXGL Background Thread 1 ] DEBUG PhysicsWorld         - Physics world initialized: appHeight=1024, physics.ppm=50.0
18:08:18.302 [FXGL Background Thread 1 ] DEBUG PhysicsWorld         - Using strategy: BRUTE_FORCE
18:08:18.305 [FXGL Background Thread 1 ] DEBUG GameScene            - Game scene initialized: 1920x1024
18:08:18.315 [FXGL Background Thread 1 ] DEBUG FXGL.DefaultMenu     - createMenuBodyGameMenu()
18:08:18.328 [FXGL Background Thread 1 ] DEBUG FXGL.DefaultMenu     - createOptionsMenu()
18:08:18.338 [FXGL Background Thread 1 ] DEBUG FXGLAssetLoaderServi - Loading from file system: jar:file:///C:/Users/lskvo/.m2/repository/com/github/almasb/fxgl/17.1/fxgl-17.1.jar!/fxglassets/textures/particles/smoke.png
18:08:18.414 [FXGL Background Thread 1 ] DEBUG FXGLAssetLoaderServi - Loading from file system: jar:file:///C:/Users/lskvo/.m2/repository/com/github/almasb/fxgl/17.1/fxgl-17.1.jar!/fxglassets/textures/particles/trace_horizontal.png
18:08:18.442 [FXGL Background Thread 1 ] DEBUG GameApplicationServi - Application scenes initialized
18:08:18.452 [FXGL Background Thread 1 ] DEBUG SystemBundleService  - Loading FXGL system data
18:08:18.456 [FXGL Background Thread 1 ] DEBUG FileSystemAccess     - Reading from: C:\Users\lskvo\Documents\Algebra\5 Semestar\Programiranje u Javi 2\Projekt\Racing Game\system\fxgl.bundle
18:08:18.462 [FXGL Background Thread 1 ] DEBUG SystemBundleService  - Bundle FXGL: {}
18:08:18.462 [FXGL Background Thread 1 ] DEBUG UpdaterService       - Checking for updates
18:08:18.467 [FXGL Background Thread 4 ] DEBUG FXGLApplication      - Loading fonts
18:08:18.468 [FXGL Background Thread 1 ] DEBUG FXGLApplication      - Loading default localization
18:08:18.468 [FXGL Background Thread 4 ] DEBUG FXGLAssetLoaderServi - Loading from file system: jar:file:///C:/Users/lskvo/.m2/repository/com/github/almasb/fxgl/17.1/fxgl-17.1.jar!/fxglassets/ui/fonts/VarelaRound-Regular.ttf
18:08:18.468 [FXGL Background Thread 1 ] DEBUG FXGLAssetLoaderServi - Loading from file system: jar:file:///C:/Users/lskvo/.m2/repository/com/github/almasb/fxgl/17.1/fxgl-17.1.jar!/fxglassets/languages/english.lang
18:08:18.489 [FXGL Background Thread 1 ] INFO  FXGLApplication      - FXGL initialization took: 0.333 sec
18:08:18.496 [JavaFX Application Thread] DEBUG Input                - Registered new binding: action0 - W
18:08:18.497 [JavaFX Application Thread] DEBUG Input                - Registered new binding: action1 - S
18:08:18.497 [JavaFX Application Thread] DEBUG Input                - Registered new binding: action2 - A
18:08:18.497 [JavaFX Application Thread] DEBUG Input                - Registered new binding: action3 - D
18:08:18.498 [JavaFX Application Thread] DEBUG Input                - Registered new binding: action4 - Up
18:08:18.498 [JavaFX Application Thread] DEBUG Input                - Registered new binding: action5 - Down
18:08:18.498 [JavaFX Application Thread] DEBUG Input                - Registered new binding: action6 - Left
18:08:18.499 [JavaFX Application Thread] DEBUG Input                - Registered new binding: action7 - Right
18:08:18.499 [JavaFX Application Thread] DEBUG FXGLAssetLoaderServi - Loading from file system: jar:file:///C:/Users/lskvo/.m2/repository/com/github/almasb/fxgl/17.1/fxgl-17.1.jar!/fxglassets/textures/fxgl_icon.png
18:08:18.526 [JavaFX Application Thread] DEBUG FXGLAssetLoaderServi - Loading from file system: jar:file:///C:/Users/lskvo/.m2/repository/com/github/almasb/fxgl/17.1/fxgl-17.1.jar!/fxglassets/textures/fxgl_default_cursor.png
18:08:18.530 [JavaFX Application Thread] DEBUG Input                - Registered new binding: Screenshot - CTRL+8
18:08:18.530 [JavaFX Application Thread] DEBUG Input                - Registered new binding: System info dump - CTRL+9
18:08:18.531 [JavaFX Application Thread] DEBUG Input                - Registered new binding: Restart - CTRL+R
18:08:18.531 [JavaFX Application Thread] DEBUG Input                - Registered new binding: Toggle Debug Camera - CTRL+7
18:08:18.534 [JavaFX Application Thread] DEBUG LoopRunner           - Starting loop
18:08:18.534 [JavaFX Application Thread] DEBUG LoopRunner           - Initializing JavaFX AnimationTimerLoop
18:08:18.536 [JavaFX Application Thread] DEBUG GameApplicationServi - Starting new game
18:08:18.537 [JavaFX Application Thread] DEBUG Input                - Clearing active input actions
18:08:18.538 [FXGL Background Thread 4 ] DEBUG FXGLAssetLoaderServi - Loading from file system: jar:file:///C:/Users/lskvo/.m2/repository/com/github/almasb/fxgl/17.1/fxgl-17.1.jar!/fxglassets/ui/fonts/Abel-Regular.ttf
18:08:18.547 [JavaFX Application Thread] DEBUG GameApplicationServi - Removing overlay from FXGLStartupScene and adding to FXGLLoadingScene
18:08:18.547 [JavaFX Application Thread] DEBUG PrimaryStageWindow   - FXGLStartupScene -> FXGLLoadingScene
18:08:18.547 [JavaFX Application Thread] DEBUG GameApplicationServi - Clearing previous game
18:08:18.548 [JavaFX Application Thread] DEBUG GameScene            - Clearing game scene
18:08:18.548 [JavaFX Application Thread] DEBUG GameWorld            - Clearing game world
18:08:18.548 [JavaFX Application Thread] DEBUG PhysicsWorld         - Clearing physics world
18:08:18.548 [FXGL Background Thread 4 ] DEBUG FXGLAssetLoaderServi - Loading from file system: jar:file:///C:/Users/lskvo/.m2/repository/com/github/almasb/fxgl/17.1/fxgl-17.1.jar!/fxglassets/ui/fonts/TerminalLandMono-Regular.otf
18:08:18.551 [FXGL Background Thread 1 ] DEBUG FXGLApplication      - Initializing game
18:08:18.557 [FXGL Background Thread 4 ] DEBUG FXGLAssetLoaderServi - Loading from file system: jar:file:///C:/Users/lskvo/.m2/repository/com/github/almasb/fxgl/17.1/fxgl-17.1.jar!/fxglassets/ui/fonts/Courier-Prime.ttf
18:08:18.610 [JavaFX Application Thread] DEBUG FXGLApplication      - Registering font factories with UI factory
18:08:18.658 [FXGL Background Thread 1 ] WARN  TMXLevelLoader       - TiledMap generated from 1.9.2. Supported version: 1.4.2. Some features may not be parsed fully.
18:08:18.675 [FXGL Background Thread 1 ] DEBUG TMXLevelLoader       - Parsed TiledMap: file:/C:/Users/lskvo/Documents/Algebra/5%20Semestar/Programiranje%20u%20Javi%202/Projekt/Racing%20Game/target/classes/assets/levels/tmx/track2.tmx
18:08:18.676 [FXGL Background Thread 1 ] DEBUG TMXLevelLoader       - Creating tile layer entities
18:08:18.677 [FXGL Background Thread 1 ] DEBUG TilesetLoader        - Loading view for layer Tile Layer 1
18:08:18.680 [FXGL Background Thread 1 ] DEBUG TilesetLoader        - Created buffer with size 1920.0x1024.0
18:08:18.768 [FXGL Background Thread 1 ] DEBUG TilesetLoader        - Loading view for layer Tile Layer 2
18:08:18.772 [FXGL Background Thread 1 ] DEBUG TilesetLoader        - Created buffer with size 1920.0x1024.0
18:08:18.773 [FXGL Background Thread 1 ] DEBUG TMXLevelLoader       - Creating object layer entities
18:08:18.802 [FXGL Background Thread 1 ] DEBUG GameWorld            - Clearing removable entities
18:08:18.803 [FXGL Background Thread 1 ] DEBUG GameWorld            - Setting level: com.almasb.fxgl.entity.level.Level@35338aef
18:08:18.809 [FXGL Background Thread 1 ] DEBUG FXGLAssetLoaderServi - Loading from file system: file:/C:/Users/lskvo/Documents/Algebra/5%20Semestar/Programiranje%20u%20Javi%202/Projekt/Racing%20Game/target/classes/assets/textures/carGREEN.png
18:08:18.810 [FXGL Background Thread 1 ] WARN  GameWorld            - Entity is already attached to world
18:08:18.810 [FXGL Background Thread 1 ] DEBUG FXGLAssetLoaderServi - Loading from file system: file:/C:/Users/lskvo/Documents/Algebra/5%20Semestar/Programiranje%20u%20Javi%202/Projekt/Racing%20Game/target/classes/assets/textures/carBLACK.png
18:08:18.811 [FXGL Background Thread 1 ] WARN  GameWorld            - Entity is already attached to world
18:08:18.812 [FXGL Background Thread 1 ] DEBUG FXGLAssetLoaderServi - Loading from file system: file:/C:/Users/lskvo/Documents/Algebra/5%20Semestar/Programiranje%20u%20Javi%202/Projekt/Racing%20Game/target/classes/assets/music/avalanche.mp3
18:08:18.924 [FXGL Background Thread 1 ] DEBUG AudioPlayer          - Playing music com.almasb.fxgl.audio.Music@34d3587d
18:08:18.926 [FXGL Background Thread 1 ] INFO  FXGLApplication      - Game initialization took: 0.374 sec
18:08:18.926 [JavaFX Application Thread] DEBUG Input                - Clearing active input actions
18:08:18.936 [JavaFX Application Thread] DEBUG GameApplicationServi - Removing overlay from FXGLLoadingScene and adding to GameScene
18:08:18.936 [JavaFX Application Thread] DEBUG PrimaryStageWindow   - FXGLLoadingScene -> GameScene
18:08:19.182 [FXGL Background Thread 2 ] INFO  UpdaterService       - Your current version:  17.1
18:08:19.182 [FXGL Background Thread 2 ] INFO  UpdaterService       - Latest stable version: 17.2
18:08:19.624 [JavaFX Application Thread] DEBUG FXGLApplication      - Exiting FXGL
18:08:19.624 [JavaFX Application Thread] DEBUG LoopRunner           - Stopping loop
18:08:19.624 [JavaFX Application Thread] DEBUG SystemBundleService  - Saving FXGL system data
18:08:19.625 [JavaFX Application Thread] DEBUG FileSystemAccess     - Writing to: C:\Users\lskvo\Documents\Algebra\5 Semestar\Programiranje u Javi 2\Projekt\Racing Game\system\fxgl.bundle
18:08:19.626 [JavaFX Application Thread] DEBUG Async                - Shutting down background threads
18:08:19.626 [JavaFX Application Thread] DEBUG PrimaryStageWindow   - Closing main window
18:08:19.634 [JavaFX Application Thread] DEBUG Logger               - Closing Logger
